[2025-06-17 12:11:57.539] [info] Updating Model file from 40000 to latest format...
[2025-06-17 12:11:57.546] [info] Loaded model leg39 from file C:\Users\u0167448\Documents\GitHub\BIOMUS\input\leg39_welded.osim
[2025-06-17 12:11:57.546] [warning] Couldn't find file 'sacrum.vtp'.
[2025-06-17 12:11:57.546] [warning] Couldn't find file 'pelvis.vtp'.
[2025-06-17 12:11:57.546] [warning] Couldn't find file 'l_pelvis.vtp'.
[2025-06-17 12:11:57.547] [warning] Couldn't find file 'femur_r.vtp'.
[2025-06-17 12:11:57.547] [warning] Couldn't find file 'tibia_r.vtp'.
[2025-06-17 12:11:57.547] [warning] Couldn't find file 'fibula_R.vtp'.
[2025-06-17 12:11:57.547] [warning] Couldn't find file 'pat.vtp'.
[2025-06-17 12:11:57.547] [warning] Couldn't find file 'talus.vtp'.
[2025-06-17 12:11:57.548] [warning] Couldn't find file 'foot.vtp'.
[2025-06-17 12:11:57.548] [warning] Couldn't find file 'bofoot.vtp'.
[2025-06-17 12:14:53.781] [info] Updating Model file from 40000 to latest format...
[2025-06-17 12:14:53.786] [info] Loaded model leg39 from file C:\Users\u0167448\Documents\GitHub\BIOMUS\input\leg39_welded.osim
[2025-06-17 12:14:53.786] [warning] Couldn't find file 'sacrum.vtp'.
[2025-06-17 12:14:53.787] [warning] Couldn't find file 'pelvis.vtp'.
[2025-06-17 12:14:53.787] [warning] Couldn't find file 'l_pelvis.vtp'.
[2025-06-17 12:14:53.787] [warning] Couldn't find file 'femur_r.vtp'.
[2025-06-17 12:14:53.787] [warning] Couldn't find file 'tibia_r.vtp'.
[2025-06-17 12:14:53.787] [warning] Couldn't find file 'fibula_R.vtp'.
[2025-06-17 12:14:53.787] [warning] Couldn't find file 'pat.vtp'.
[2025-06-17 12:14:53.787] [warning] Couldn't find file 'talus.vtp'.
[2025-06-17 12:14:53.787] [warning] Couldn't find file 'foot.vtp'.
[2025-06-17 12:14:53.788] [warning] Couldn't find file 'bofoot.vtp'.
[2025-06-17 12:16:38.505] [info] Updating Model file from 40000 to latest format...
[2025-06-17 12:16:38.511] [info] Loaded model leg39 from file C:\Users\u0167448\Documents\GitHub\BIOMUS\input\leg39_welded.osim
[2025-06-17 12:16:38.511] [warning] Couldn't find file 'sacrum.vtp'.
[2025-06-17 12:16:38.512] [warning] Couldn't find file 'pelvis.vtp'.
[2025-06-17 12:16:38.512] [warning] Couldn't find file 'l_pelvis.vtp'.
[2025-06-17 12:16:38.512] [warning] Couldn't find file 'femur_r.vtp'.
[2025-06-17 12:16:38.512] [warning] Couldn't find file 'tibia_r.vtp'.
[2025-06-17 12:16:38.512] [warning] Couldn't find file 'fibula_R.vtp'.
[2025-06-17 12:16:38.512] [warning] Couldn't find file 'pat.vtp'.
[2025-06-17 12:16:38.513] [warning] Couldn't find file 'talus.vtp'.
[2025-06-17 12:16:38.513] [warning] Couldn't find file 'foot.vtp'.
[2025-06-17 12:16:38.513] [warning] Couldn't find file 'bofoot.vtp'.
[2025-06-17 12:16:52.404] [info] Updating Model file from 40000 to latest format...
[2025-06-17 12:16:52.410] [info] Loaded model leg39 from file C:\Users\u0167448\Documents\GitHub\BIOMUS\input\leg39_welded.osim
[2025-06-17 12:16:52.410] [warning] Couldn't find file 'sacrum.vtp'.
[2025-06-17 12:16:52.410] [warning] Couldn't find file 'pelvis.vtp'.
[2025-06-17 12:16:52.410] [warning] Couldn't find file 'l_pelvis.vtp'.
[2025-06-17 12:16:52.411] [warning] Couldn't find file 'femur_r.vtp'.
[2025-06-17 12:16:52.411] [warning] Couldn't find file 'tibia_r.vtp'.
[2025-06-17 12:16:52.411] [warning] Couldn't find file 'fibula_R.vtp'.
[2025-06-17 12:16:52.411] [warning] Couldn't find file 'pat.vtp'.
[2025-06-17 12:16:52.411] [warning] Couldn't find file 'talus.vtp'.
[2025-06-17 12:16:52.411] [warning] Couldn't find file 'foot.vtp'.
[2025-06-17 12:16:52.412] [warning] Couldn't find file 'bofoot.vtp'.
[2025-06-17 12:17:32.313] [info] Updating Model file from 40000 to latest format...
[2025-06-17 12:17:32.319] [info] Loaded model leg39 from file C:\Users\u0167448\Documents\GitHub\BIOMUS\input\leg39_welded.osim
[2025-06-17 12:17:32.319] [warning] Couldn't find file 'sacrum.vtp'.
[2025-06-17 12:17:32.319] [warning] Couldn't find file 'pelvis.vtp'.
[2025-06-17 12:17:32.319] [warning] Couldn't find file 'l_pelvis.vtp'.
[2025-06-17 12:17:32.319] [warning] Couldn't find file 'femur_r.vtp'.
[2025-06-17 12:17:32.320] [warning] Couldn't find file 'tibia_r.vtp'.
[2025-06-17 12:17:32.320] [warning] Couldn't find file 'fibula_R.vtp'.
[2025-06-17 12:17:32.320] [warning] Couldn't find file 'pat.vtp'.
[2025-06-17 12:17:32.320] [warning] Couldn't find file 'talus.vtp'.
[2025-06-17 12:17:32.320] [warning] Couldn't find file 'foot.vtp'.
[2025-06-17 12:17:32.320] [warning] Couldn't find file 'bofoot.vtp'.
[2025-06-17 12:24:52.747] [info] Updating Model file from 40000 to latest format...
[2025-06-17 12:24:52.752] [info] Loaded model leg39 from file C:\Users\u0167448\Documents\GitHub\BIOMUS\input\leg39_welded.osim
[2025-06-17 12:24:52.752] [warning] Couldn't find file 'sacrum.vtp'.
[2025-06-17 12:24:52.752] [warning] Couldn't find file 'pelvis.vtp'.
[2025-06-17 12:24:52.752] [warning] Couldn't find file 'l_pelvis.vtp'.
[2025-06-17 12:24:52.752] [warning] Couldn't find file 'femur_r.vtp'.
[2025-06-17 12:24:52.752] [warning] Couldn't find file 'tibia_r.vtp'.
[2025-06-17 12:24:52.752] [warning] Couldn't find file 'fibula_R.vtp'.
[2025-06-17 12:24:52.752] [warning] Couldn't find file 'pat.vtp'.
[2025-06-17 12:24:52.752] [warning] Couldn't find file 'talus.vtp'.
[2025-06-17 12:24:52.753] [warning] Couldn't find file 'foot.vtp'.
[2025-06-17 12:24:52.753] [warning] Couldn't find file 'bofoot.vtp'.
[2025-06-17 12:46:59.956] [info] Updating Model file from 40000 to latest format...
[2025-06-17 12:46:59.961] [info] Loaded model leg39 from file C:\Users\u0167448\Documents\GitHub\BIOMUS\input\leg39_welded.osim
[2025-06-17 12:46:59.961] [warning] Couldn't find file 'sacrum.vtp'.
[2025-06-17 12:46:59.961] [warning] Couldn't find file 'pelvis.vtp'.
[2025-06-17 12:46:59.961] [warning] Couldn't find file 'l_pelvis.vtp'.
[2025-06-17 12:46:59.961] [warning] Couldn't find file 'femur_r.vtp'.
[2025-06-17 12:46:59.962] [warning] Couldn't find file 'tibia_r.vtp'.
[2025-06-17 12:46:59.962] [warning] Couldn't find file 'fibula_R.vtp'.
[2025-06-17 12:46:59.962] [warning] Couldn't find file 'pat.vtp'.
[2025-06-17 12:46:59.962] [warning] Couldn't find file 'talus.vtp'.
[2025-06-17 12:46:59.962] [warning] Couldn't find file 'foot.vtp'.
[2025-06-17 12:46:59.962] [warning] Couldn't find file 'bofoot.vtp'.
[2025-06-17 14:38:41.865] [info] Loaded model leg39 from file leg39_path_actuators.osim
[2025-06-17 14:38:41.866] [warning] Couldn't find file 'sacrum.vtp'.
[2025-06-17 14:38:41.866] [warning] Couldn't find file 'pelvis.vtp'.
[2025-06-17 14:38:41.866] [warning] Couldn't find file 'l_pelvis.vtp'.
[2025-06-17 14:38:41.866] [warning] Couldn't find file 'femur_r.vtp'.
[2025-06-17 14:38:41.866] [warning] Couldn't find file 'tibia_r.vtp'.
[2025-06-17 14:38:41.866] [warning] Couldn't find file 'fibula_R.vtp'.
[2025-06-17 14:38:41.866] [warning] Couldn't find file 'pat.vtp'.
[2025-06-17 14:38:41.866] [warning] Couldn't find file 'talus.vtp'.
[2025-06-17 14:38:41.867] [warning] Couldn't find file 'foot.vtp'.
[2025-06-17 14:38:41.867] [warning] Couldn't find file 'bofoot.vtp'.
[2025-06-17 14:38:41.881] [info] Updating Model file from 40000 to latest format...
[2025-06-17 14:38:41.885] [info] Loaded model leg39 from file leg39_welded.osim
[2025-06-17 14:38:41.885] [warning] Couldn't find file 'sacrum.vtp'.
[2025-06-17 14:38:41.885] [warning] Couldn't find file 'pelvis.vtp'.
[2025-06-17 14:38:41.885] [warning] Couldn't find file 'l_pelvis.vtp'.
[2025-06-17 14:38:41.885] [warning] Couldn't find file 'femur_r.vtp'.
[2025-06-17 14:38:41.885] [warning] Couldn't find file 'tibia_r.vtp'.
[2025-06-17 14:38:41.885] [warning] Couldn't find file 'fibula_R.vtp'.
[2025-06-17 14:38:41.886] [warning] Couldn't find file 'pat.vtp'.
[2025-06-17 14:38:41.886] [warning] Couldn't find file 'talus.vtp'.
[2025-06-17 14:38:41.886] [warning] Couldn't find file 'foot.vtp'.
[2025-06-17 14:38:41.886] [warning] Couldn't find file 'bofoot.vtp'.
[2025-06-17 14:38:50.825] [info] Loaded model leg39 from file leg39_path_actuators.osim
[2025-06-17 14:38:50.825] [warning] Couldn't find file 'sacrum.vtp'.
[2025-06-17 14:38:50.825] [warning] Couldn't find file 'pelvis.vtp'.
[2025-06-17 14:38:50.825] [warning] Couldn't find file 'l_pelvis.vtp'.
[2025-06-17 14:38:50.825] [warning] Couldn't find file 'femur_r.vtp'.
[2025-06-17 14:38:50.826] [warning] Couldn't find file 'tibia_r.vtp'.
[2025-06-17 14:38:50.826] [warning] Couldn't find file 'fibula_R.vtp'.
[2025-06-17 14:38:50.826] [warning] Couldn't find file 'pat.vtp'.
[2025-06-17 14:38:50.826] [warning] Couldn't find file 'talus.vtp'.
[2025-06-17 14:38:50.826] [warning] Couldn't find file 'foot.vtp'.
[2025-06-17 14:38:50.826] [warning] Couldn't find file 'bofoot.vtp'.
[2025-06-17 14:38:50.830] [info] Updating Model file from 40000 to latest format...
[2025-06-17 14:38:50.834] [info] Loaded model leg39 from file leg39_welded.osim
[2025-06-17 14:38:50.835] [warning] Couldn't find file 'sacrum.vtp'.
[2025-06-17 14:38:50.835] [warning] Couldn't find file 'pelvis.vtp'.
[2025-06-17 14:38:50.835] [warning] Couldn't find file 'l_pelvis.vtp'.
[2025-06-17 14:38:50.835] [warning] Couldn't find file 'femur_r.vtp'.
[2025-06-17 14:38:50.835] [warning] Couldn't find file 'tibia_r.vtp'.
[2025-06-17 14:38:50.835] [warning] Couldn't find file 'fibula_R.vtp'.
[2025-06-17 14:38:50.835] [warning] Couldn't find file 'pat.vtp'.
[2025-06-17 14:38:50.835] [warning] Couldn't find file 'talus.vtp'.
[2025-06-17 14:38:50.835] [warning] Couldn't find file 'foot.vtp'.
[2025-06-17 14:38:50.835] [warning] Couldn't find file 'bofoot.vtp'.
[2025-06-17 14:42:26.178] [info] Loaded model leg39 from file leg39_path_actuators.osim
[2025-06-17 14:42:26.178] [warning] Couldn't find file 'sacrum.vtp'.
[2025-06-17 14:42:26.178] [warning] Couldn't find file 'pelvis.vtp'.
[2025-06-17 14:42:26.179] [warning] Couldn't find file 'l_pelvis.vtp'.
[2025-06-17 14:42:26.179] [warning] Couldn't find file 'femur_r.vtp'.
[2025-06-17 14:42:26.179] [warning] Couldn't find file 'tibia_r.vtp'.
[2025-06-17 14:42:26.179] [warning] Couldn't find file 'fibula_R.vtp'.
[2025-06-17 14:42:26.179] [warning] Couldn't find file 'pat.vtp'.
[2025-06-17 14:42:26.179] [warning] Couldn't find file 'talus.vtp'.
[2025-06-17 14:42:26.179] [warning] Couldn't find file 'foot.vtp'.
[2025-06-17 14:42:26.179] [warning] Couldn't find file 'bofoot.vtp'.
[2025-06-17 14:42:26.183] [info] Updating Model file from 40000 to latest format...
[2025-06-17 14:42:26.186] [info] Loaded model leg39 from file leg39_welded.osim
[2025-06-17 14:42:26.186] [warning] Couldn't find file 'sacrum.vtp'.
[2025-06-17 14:42:26.186] [warning] Couldn't find file 'pelvis.vtp'.
[2025-06-17 14:42:26.186] [warning] Couldn't find file 'l_pelvis.vtp'.
[2025-06-17 14:42:26.187] [warning] Couldn't find file 'femur_r.vtp'.
[2025-06-17 14:42:26.187] [warning] Couldn't find file 'tibia_r.vtp'.
[2025-06-17 14:42:26.187] [warning] Couldn't find file 'fibula_R.vtp'.
[2025-06-17 14:42:26.187] [warning] Couldn't find file 'pat.vtp'.
[2025-06-17 14:42:26.187] [warning] Couldn't find file 'talus.vtp'.
[2025-06-17 14:42:26.187] [warning] Couldn't find file 'foot.vtp'.
[2025-06-17 14:42:26.187] [warning] Couldn't find file 'bofoot.vtp'.
