Loaded model gait4dof9musc.osim-scaled from file C:\Users\u0046458\Documents\Unief\code\GT\Models\SCP_gait4dof9musc.osim
Loaded model gait4dof9musc.osim-scaled from file C:\Users\u0046458\Documents\Unief\code\GT\Models\SCP_gait4dof9musc.osim
Storage: file=C:\Users\u0046458\Documents\Unief\code\GT\dynamic_optimization_full\SCP_Trial15_Hill_FW_States.sto (nr=33 nc=9)
No external loads will be applied (external loads file not specified).

Loading coordinates from file C:\Users\u0046458\Documents\Unief\code\GT\dynamic_optimization_full\SCP_Trial15_Hill_FW_States.sto.
Storage: file=C:\Users\u0046458\Documents\Unief\code\GT\dynamic_optimization_full\SCP_Trial15_Hill_FW_States.sto (nr=33 nc=9)
Found 33 state vectors with time stamps ranging from 0.516666 to 0.616666.
Executing the analyses from 0.516666 to 0.616666...
Printing results of investigation SCP_Trial15_Hill to C:\Users\u0046458\Documents\Unief\code\GT\Models\BodyKin.
Loaded model gait4dof9musc.osim-scaled from file C:\Users\u0046458\Documents\Unief\code\GT\Models\SCP_gait4dof9musc.osim
Storage: file=C:\Users\u0046458\Documents\Unief\code\GT\dynamic_optimization_full\SCP_Trial15_Hill_FW_States.sto (nr=33 nc=9)
No external loads will be applied (external loads file not specified).

Loading coordinates from file C:\Users\u0046458\Documents\Unief\code\GT\dynamic_optimization_full\SCP_Trial15_Hill_FW_States.sto.
Storage: file=C:\Users\u0046458\Documents\Unief\code\GT\dynamic_optimization_full\SCP_Trial15_Hill_FW_States.sto (nr=33 nc=9)
Found 33 state vectors with time stamps ranging from 0.516666 to 0.616666.
Executing the analyses from 0.516666 to 0.616666...
Printing results of investigation SCP_Trial15_Hill to C:\Users\u0046458\Documents\Unief\code\GT\Models\BodyKin.
Loaded model gait4dof9musc.osim-scaled from file C:\Users\u0046458\Documents\Unief\code\GT\Models\SCP_gait4dof9musc.osim
Storage: file=C:\Users\u0046458\Documents\Unief\code\GT\dynamic_optimization_full\SCP_Trial15_Hill_FW_States.sto (nr=33 nc=9)
No external loads will be applied (external loads file not specified).

Loading coordinates from file C:\Users\u0046458\Documents\Unief\code\GT\dynamic_optimization_full\SCP_Trial15_Hill_FW_States.sto.
Storage: file=C:\Users\u0046458\Documents\Unief\code\GT\dynamic_optimization_full\SCP_Trial15_Hill_FW_States.sto (nr=33 nc=9)
Found 33 state vectors with time stamps ranging from 0.516666 to 0.616666.
Executing the analyses from 0.516666 to 0.616666...
Printing results of investigation SCP_Trial15_Hill to C:\Users\u0046458\Documents\Unief\code\GT\Models\BodyKin.
Loaded model gait4dof9musc.osim-scaled from file C:\Users\u0046458\Documents\Unief\code\GT\Models\SCP_gait4dof9musc.osim
Storage: file=C:\Users\u0046458\Documents\Unief\code\GT\dynamic_optimization_full\SCP_Trial15_Hill_FW_States.sto (nr=33 nc=9)
No external loads will be applied (external loads file not specified).

Loading coordinates from file C:\Users\u0046458\Documents\Unief\code\GT\dynamic_optimization_full\SCP_Trial15_Hill_FW_States.sto.
Storage: file=C:\Users\u0046458\Documents\Unief\code\GT\dynamic_optimization_full\SCP_Trial15_Hill_FW_States.sto (nr=33 nc=9)
Found 33 state vectors with time stamps ranging from 0.516666 to 0.616666.
Executing the analyses from 0.516666 to 0.616666...
Printing results of investigation SCP_Trial15_Hill to C:\Users\u0046458\Documents\Unief\code\GT\Models\BodyKin.
Loaded model gait4dof9musc.osim-scaled from file C:\Users\u0046458\Documents\Unief\code\GT\Models\SCP_gait4dof9musc.osim
Storage: file=C:\Users\u0046458\Documents\Unief\code\GT\dynamic_optimization_full\SCP_Trial15_Hill_FW_States.sto (nr=33 nc=9)
No external loads will be applied (external loads file not specified).

Loading coordinates from file C:\Users\u0046458\Documents\Unief\code\GT\dynamic_optimization_full\SCP_Trial15_Hill_FW_States.sto.
Storage: file=C:\Users\u0046458\Documents\Unief\code\GT\dynamic_optimization_full\SCP_Trial15_Hill_FW_States.sto (nr=33 nc=9)
Found 33 state vectors with time stamps ranging from 0.516666 to 0.616666.
Executing the analyses from 0.516666 to 0.616666...
Printing results of investigation SCP_Trial15_Hill to C:\Users\u0046458\Documents\Unief\code\GT\Models\BodyKin.
Loaded model gait4dof9musc.osim-scaled from file C:\Users\u0046458\Documents\Unief\code\GT\Models\SCP_gait4dof9musc.osim
Storage: file=C:\Users\u0046458\Documents\Unief\code\GT\dynamic_optimization_full\SCP_Trial15_Hill_FW_States.sto (nr=33 nc=9)
No external loads will be applied (external loads file not specified).

Loading coordinates from file C:\Users\u0046458\Documents\Unief\code\GT\dynamic_optimization_full\SCP_Trial15_Hill_FW_States.sto.
Storage: file=C:\Users\u0046458\Documents\Unief\code\GT\dynamic_optimization_full\SCP_Trial15_Hill_FW_States.sto (nr=33 nc=9)
Found 33 state vectors with time stamps ranging from 0.516666 to 0.616666.
Executing the analyses from 0.516666 to 0.616666...
Printing results of investigation SCP_Trial15_Hill to C:\Users\u0046458\Documents\Unief\code\GT\Models\BodyKin.
Loaded model gait4dof9musc.osim-scaled from file C:\Users\u0046458\Documents\Unief\code\GT\Models\SCP_gait4dof9musc.osim
Storage: file=C:\Users\u0046458\Documents\Unief\code\GT\dynamic_optimization_full\SCP_Trial15_Hill_FW_States.sto (nr=33 nc=9)
No external loads will be applied (external loads file not specified).

Loading coordinates from file C:\Users\u0046458\Documents\Unief\code\GT\dynamic_optimization_full\SCP_Trial15_Hill_FW_States.sto.
Storage: file=C:\Users\u0046458\Documents\Unief\code\GT\dynamic_optimization_full\SCP_Trial15_Hill_FW_States.sto (nr=33 nc=9)
Found 33 state vectors with time stamps ranging from 0.516666 to 0.616666.
Executing the analyses from 0.516666 to 0.616666...
Printing results of investigation SCP_Trial15_Hill to C:\Users\u0046458\Documents\Unief\code\GT\Models\BodyKin.
Loaded model gait4dof9musc.osim-scaled from file C:\Users\u0046458\Documents\Unief\code\GT\Models\SCP_gait4dof9musc.osim
Storage: file=C:\Users\u0046458\Documents\Unief\code\GT\dynamic_optimization_full\SCP_Trial15_Hill_FW_States.sto (nr=33 nc=9)
No external loads will be applied (external loads file not specified).

Loading coordinates from file C:\Users\u0046458\Documents\Unief\code\GT\dynamic_optimization_full\SCP_Trial15_Hill_FW_States.sto.
Storage: file=C:\Users\u0046458\Documents\Unief\code\GT\dynamic_optimization_full\SCP_Trial15_Hill_FW_States.sto (nr=33 nc=9)
Found 33 state vectors with time stamps ranging from 0.516666 to 0.616666.
Executing the analyses from 0.516666 to 0.616666...
Printing results of investigation SCP_Trial15_Hill to C:\Users\u0046458\Documents\Unief\code\GT\Models\BodyKin.
Loaded model gait4dof9musc.osim-scaled from file C:\Users\u0046458\Documents\Unief\code\GT\Models\SCP_gait4dof9musc.osim
Storage: file=C:\Users\u0046458\Documents\Unief\code\GT\dynamic_optimization_full\SCP_Trial15_Hill_FW_States.sto (nr=33 nc=9)
No external loads will be applied (external loads file not specified).

Loading coordinates from file C:\Users\u0046458\Documents\Unief\code\GT\dynamic_optimization_full\SCP_Trial15_Hill_FW_States.sto.
Storage: file=C:\Users\u0046458\Documents\Unief\code\GT\dynamic_optimization_full\SCP_Trial15_Hill_FW_States.sto (nr=33 nc=9)
Found 33 state vectors with time stamps ranging from 0.516666 to 0.616666.
Executing the analyses from 0.516666 to 0.616666...
Printing results of investigation SCP_Trial15_Hill to C:\Users\u0046458\Documents\Unief\code\GT\Models\BodyKin.
Loaded model gait4dof9musc.osim-scaled from file C:\Users\u0046458\Documents\Unief\code\GT\Models\SCP_gait4dof9musc.osim
Storage: file=C:\Users\u0046458\Documents\Unief\code\GT\dynamic_optimization_full\SCP_Trial15_SRS_FW_States.sto (nr=79 nc=9)
No external loads will be applied (external loads file not specified).

Loading coordinates from file C:\Users\u0046458\Documents\Unief\code\GT\dynamic_optimization_full\SCP_Trial15_SRS_FW_States.sto.
Storage: file=C:\Users\u0046458\Documents\Unief\code\GT\dynamic_optimization_full\SCP_Trial15_SRS_FW_States.sto (nr=79 nc=9)
Found 79 state vectors with time stamps ranging from 0.516666 to 0.616666.
Executing the analyses from 0.516666 to 0.616666...
Printing results of investigation SCP_Trial15_Hill to C:\Users\u0046458\Documents\Unief\code\GT\Models\BodyKin.
