[2025-05-21 10:02:55.930] [info] Updating Model file from 30000 to latest format...
[2025-05-21 10:02:55.985] [info] Loaded model 3DGaitModel2354-scaled from file C:\Users\u0167448\Documents\GitHub\SimPendulum_Tim\Experimental data\TD5\TD5_ScaledModel_ScaledForces.osim
[2025-05-21 10:02:55.986] [warning] Couldn't find file 'sacrum.vtp'.
[2025-05-21 10:02:55.986] [warning] Couldn't find file 'pelvis.vtp'.
[2025-05-21 10:02:55.986] [warning] Couldn't find file 'l_pelvis.vtp'.
[2025-05-21 10:02:55.986] [warning] Couldn't find file 'femur_r.vtp'.
[2025-05-21 10:02:55.986] [warning] Couldn't find file 'tibia_r.vtp'.
[2025-05-21 10:02:55.986] [warning] Couldn't find file 'fibula.vtp'.
[2025-05-21 10:02:55.986] [warning] Couldn't find file 'talus.vtp'.
[2025-05-21 10:02:55.987] [warning] Couldn't find file 'foot.vtp'.
[2025-05-21 10:02:55.987] [warning] Couldn't find file 'bofoot.vtp'.
[2025-05-21 10:02:55.987] [warning] Couldn't find file 'femur_l.vtp'.
[2025-05-21 10:02:55.987] [warning] Couldn't find file 'tibia_l.vtp'.
[2025-05-21 10:02:55.987] [warning] Couldn't find file 'l_fibula.vtp'.
[2025-05-21 10:02:55.987] [warning] Couldn't find file 'l_talus.vtp'.
[2025-05-21 10:02:55.987] [warning] Couldn't find file 'l_foot.vtp'.
[2025-05-21 10:02:55.988] [warning] Couldn't find file 'l_bofoot.vtp'.
[2025-05-21 10:02:55.988] [warning] Couldn't find file 'hat_spine.vtp'.
[2025-05-21 10:02:55.988] [warning] Couldn't find file 'hat_jaw.vtp'.
[2025-05-21 10:02:55.988] [warning] Couldn't find file 'hat_skull.vtp'.
[2025-05-21 10:02:55.988] [warning] Couldn't find file 'hat_ribs.vtp'.
[2025-05-21 10:02:55.990] [info] ControllerSet 'Controllers' was renamed and is being reset to 'controllerset'.
[2025-05-21 10:02:55.991] [info] ComponentSet 'MiscComponents' was renamed and is being reset to 'componentset'.
[2025-05-21 10:03:06.917] [info] Updating Model file from 30000 to latest format...
[2025-05-21 10:03:06.954] [info] Loaded model 3DGaitModel2354-scaled from file C:\Users\u0167448\Documents\GitHub\SimPendulum_Tim\Experimental data\TD5\TD5_ScaledModel_ScaledForces.osim
[2025-05-21 10:03:06.955] [warning] Couldn't find file 'sacrum.vtp'.
[2025-05-21 10:03:06.955] [warning] Couldn't find file 'pelvis.vtp'.
[2025-05-21 10:03:06.955] [warning] Couldn't find file 'l_pelvis.vtp'.
[2025-05-21 10:03:06.955] [warning] Couldn't find file 'femur_r.vtp'.
[2025-05-21 10:03:06.955] [warning] Couldn't find file 'tibia_r.vtp'.
[2025-05-21 10:03:06.956] [warning] Couldn't find file 'fibula.vtp'.
[2025-05-21 10:03:06.956] [warning] Couldn't find file 'talus.vtp'.
[2025-05-21 10:03:06.956] [warning] Couldn't find file 'foot.vtp'.
[2025-05-21 10:03:06.956] [warning] Couldn't find file 'bofoot.vtp'.
[2025-05-21 10:03:06.956] [warning] Couldn't find file 'femur_l.vtp'.
[2025-05-21 10:03:06.956] [warning] Couldn't find file 'tibia_l.vtp'.
[2025-05-21 10:03:06.956] [warning] Couldn't find file 'l_fibula.vtp'.
[2025-05-21 10:03:06.956] [warning] Couldn't find file 'l_talus.vtp'.
[2025-05-21 10:03:06.956] [warning] Couldn't find file 'l_foot.vtp'.
[2025-05-21 10:03:06.957] [warning] Couldn't find file 'l_bofoot.vtp'.
[2025-05-21 10:03:06.957] [warning] Couldn't find file 'hat_spine.vtp'.
[2025-05-21 10:03:06.957] [warning] Couldn't find file 'hat_jaw.vtp'.
[2025-05-21 10:03:06.957] [warning] Couldn't find file 'hat_skull.vtp'.
[2025-05-21 10:03:06.957] [warning] Couldn't find file 'hat_ribs.vtp'.
[2025-05-21 10:03:06.957] [info] ControllerSet 'Controllers' was renamed and is being reset to 'controllerset'.
[2025-05-21 10:03:06.959] [info] ComponentSet 'MiscComponents' was renamed and is being reset to 'componentset'.
[2025-05-21 10:03:07.024] [info] Updating Model file from 30000 to latest format...
[2025-05-21 10:03:07.066] [info] Loaded model 3DGaitModel2354-scaled from file C:\Users\u0167448\Documents\GitHub\SimPendulum_Tim\Experimental data\TD5\TD5_ScaledModel_ScaledForces.osim
[2025-05-21 10:03:07.066] [warning] Couldn't find file 'sacrum.vtp'.
[2025-05-21 10:03:07.066] [warning] Couldn't find file 'pelvis.vtp'.
[2025-05-21 10:03:07.067] [warning] Couldn't find file 'l_pelvis.vtp'.
[2025-05-21 10:03:07.067] [warning] Couldn't find file 'femur_r.vtp'.
[2025-05-21 10:03:07.067] [warning] Couldn't find file 'tibia_r.vtp'.
[2025-05-21 10:03:07.067] [warning] Couldn't find file 'fibula.vtp'.
[2025-05-21 10:03:07.067] [warning] Couldn't find file 'talus.vtp'.
[2025-05-21 10:03:07.067] [warning] Couldn't find file 'foot.vtp'.
[2025-05-21 10:03:07.067] [warning] Couldn't find file 'bofoot.vtp'.
[2025-05-21 10:03:07.067] [warning] Couldn't find file 'femur_l.vtp'.
[2025-05-21 10:03:07.068] [warning] Couldn't find file 'tibia_l.vtp'.
[2025-05-21 10:03:07.068] [warning] Couldn't find file 'l_fibula.vtp'.
[2025-05-21 10:03:07.068] [warning] Couldn't find file 'l_talus.vtp'.
[2025-05-21 10:03:07.068] [warning] Couldn't find file 'l_foot.vtp'.
[2025-05-21 10:03:07.068] [warning] Couldn't find file 'l_bofoot.vtp'.
[2025-05-21 10:03:07.068] [warning] Couldn't find file 'hat_spine.vtp'.
[2025-05-21 10:03:07.068] [warning] Couldn't find file 'hat_jaw.vtp'.
[2025-05-21 10:03:07.068] [warning] Couldn't find file 'hat_skull.vtp'.
[2025-05-21 10:03:07.068] [warning] Couldn't find file 'hat_ribs.vtp'.
[2025-05-21 10:03:07.069] [info] ControllerSet 'Controllers' was renamed and is being reset to 'controllerset'.
[2025-05-21 10:03:07.070] [info] ComponentSet 'MiscComponents' was renamed and is being reset to 'componentset'.
[2025-05-21 10:37:37.688] [info] Updating Model file from 30000 to latest format...
[2025-05-21 10:37:37.741] [info] Loaded model 3DGaitModel2354-scaled from file C:\Users\u0167448\Documents\GitHub\SimPendulum_Tim\Experimental data\TD5\TD5_ScaledModel_ScaledForces.osim
[2025-05-21 10:37:37.741] [warning] Couldn't find file 'sacrum.vtp'.
[2025-05-21 10:37:37.741] [warning] Couldn't find file 'pelvis.vtp'.
[2025-05-21 10:37:37.741] [warning] Couldn't find file 'l_pelvis.vtp'.
[2025-05-21 10:37:37.742] [warning] Couldn't find file 'femur_r.vtp'.
[2025-05-21 10:37:37.742] [warning] Couldn't find file 'tibia_r.vtp'.
[2025-05-21 10:37:37.742] [warning] Couldn't find file 'fibula.vtp'.
[2025-05-21 10:37:37.742] [warning] Couldn't find file 'talus.vtp'.
[2025-05-21 10:37:37.742] [warning] Couldn't find file 'foot.vtp'.
[2025-05-21 10:37:37.742] [warning] Couldn't find file 'bofoot.vtp'.
[2025-05-21 10:37:37.742] [warning] Couldn't find file 'femur_l.vtp'.
[2025-05-21 10:37:37.742] [warning] Couldn't find file 'tibia_l.vtp'.
[2025-05-21 10:37:37.743] [warning] Couldn't find file 'l_fibula.vtp'.
[2025-05-21 10:37:37.743] [warning] Couldn't find file 'l_talus.vtp'.
[2025-05-21 10:37:37.743] [warning] Couldn't find file 'l_foot.vtp'.
[2025-05-21 10:37:37.743] [warning] Couldn't find file 'l_bofoot.vtp'.
[2025-05-21 10:37:37.743] [warning] Couldn't find file 'hat_spine.vtp'.
[2025-05-21 10:37:37.743] [warning] Couldn't find file 'hat_jaw.vtp'.
[2025-05-21 10:37:37.743] [warning] Couldn't find file 'hat_skull.vtp'.
[2025-05-21 10:37:37.743] [warning] Couldn't find file 'hat_ribs.vtp'.
[2025-05-21 10:37:37.744] [info] ControllerSet 'Controllers' was renamed and is being reset to 'controllerset'.
[2025-05-21 10:37:37.745] [info] ComponentSet 'MiscComponents' was renamed and is being reset to 'componentset'.
[2025-05-21 10:40:32.460] [info] Updating Model file from 30000 to latest format...
[2025-05-21 10:40:32.504] [info] Loaded model 3DGaitModel2354-scaled from file C:\Users\u0167448\Documents\GitHub\SimPendulum_Tim\Experimental data\TD5\TD5_ScaledModel_ScaledForces.osim
[2025-05-21 10:40:32.505] [warning] Couldn't find file 'sacrum.vtp'.
[2025-05-21 10:40:32.505] [warning] Couldn't find file 'pelvis.vtp'.
[2025-05-21 10:40:32.505] [warning] Couldn't find file 'l_pelvis.vtp'.
[2025-05-21 10:40:32.505] [warning] Couldn't find file 'femur_r.vtp'.
[2025-05-21 10:40:32.505] [warning] Couldn't find file 'tibia_r.vtp'.
[2025-05-21 10:40:32.506] [warning] Couldn't find file 'fibula.vtp'.
[2025-05-21 10:40:32.506] [warning] Couldn't find file 'talus.vtp'.
[2025-05-21 10:40:32.506] [warning] Couldn't find file 'foot.vtp'.
[2025-05-21 10:40:32.506] [warning] Couldn't find file 'bofoot.vtp'.
[2025-05-21 10:40:32.506] [warning] Couldn't find file 'femur_l.vtp'.
[2025-05-21 10:40:32.506] [warning] Couldn't find file 'tibia_l.vtp'.
[2025-05-21 10:40:32.506] [warning] Couldn't find file 'l_fibula.vtp'.
[2025-05-21 10:40:32.506] [warning] Couldn't find file 'l_talus.vtp'.
[2025-05-21 10:40:32.506] [warning] Couldn't find file 'l_foot.vtp'.
[2025-05-21 10:40:32.507] [warning] Couldn't find file 'l_bofoot.vtp'.
[2025-05-21 10:40:32.507] [warning] Couldn't find file 'hat_spine.vtp'.
[2025-05-21 10:40:32.507] [warning] Couldn't find file 'hat_jaw.vtp'.
[2025-05-21 10:40:32.507] [warning] Couldn't find file 'hat_skull.vtp'.
[2025-05-21 10:40:32.507] [warning] Couldn't find file 'hat_ribs.vtp'.
[2025-05-21 10:40:32.507] [info] ControllerSet 'Controllers' was renamed and is being reset to 'controllerset'.
[2025-05-21 10:40:32.509] [info] ComponentSet 'MiscComponents' was renamed and is being reset to 'componentset'.
[2025-05-21 10:42:18.437] [info] Updating Model file from 30000 to latest format...
[2025-05-21 10:42:18.473] [info] Loaded model 3DGaitModel2354-scaled from file C:\Users\u0167448\Documents\GitHub\SimPendulum_Tim\Experimental data\TD5\TD5_ScaledModel_ScaledForces.osim
[2025-05-21 10:42:18.473] [warning] Couldn't find file 'sacrum.vtp'.
[2025-05-21 10:42:18.473] [warning] Couldn't find file 'pelvis.vtp'.
[2025-05-21 10:42:18.473] [warning] Couldn't find file 'l_pelvis.vtp'.
[2025-05-21 10:42:18.473] [warning] Couldn't find file 'femur_r.vtp'.
[2025-05-21 10:42:18.473] [warning] Couldn't find file 'tibia_r.vtp'.
[2025-05-21 10:42:18.473] [warning] Couldn't find file 'fibula.vtp'.
[2025-05-21 10:42:18.473] [warning] Couldn't find file 'talus.vtp'.
[2025-05-21 10:42:18.474] [warning] Couldn't find file 'foot.vtp'.
[2025-05-21 10:42:18.474] [warning] Couldn't find file 'bofoot.vtp'.
[2025-05-21 10:42:18.474] [warning] Couldn't find file 'femur_l.vtp'.
[2025-05-21 10:42:18.474] [warning] Couldn't find file 'tibia_l.vtp'.
[2025-05-21 10:42:18.474] [warning] Couldn't find file 'l_fibula.vtp'.
[2025-05-21 10:42:18.474] [warning] Couldn't find file 'l_talus.vtp'.
[2025-05-21 10:42:18.474] [warning] Couldn't find file 'l_foot.vtp'.
[2025-05-21 10:42:18.474] [warning] Couldn't find file 'l_bofoot.vtp'.
[2025-05-21 10:42:18.474] [warning] Couldn't find file 'hat_spine.vtp'.
[2025-05-21 10:42:18.474] [warning] Couldn't find file 'hat_jaw.vtp'.
[2025-05-21 10:42:18.474] [warning] Couldn't find file 'hat_skull.vtp'.
[2025-05-21 10:42:18.475] [warning] Couldn't find file 'hat_ribs.vtp'.
[2025-05-21 10:42:18.475] [info] ControllerSet 'Controllers' was renamed and is being reset to 'controllerset'.
[2025-05-21 10:42:18.476] [info] ComponentSet 'MiscComponents' was renamed and is being reset to 'componentset'.
[2025-05-21 10:42:18.499] [info] Updating Model file from 30000 to latest format...
[2025-05-21 10:42:18.537] [info] Loaded model 3DGaitModel2354-scaled from file C:\Users\u0167448\Documents\GitHub\SimPendulum_Tim\Experimental data\TD5\TD5_ScaledModel_ScaledForces.osim
[2025-05-21 10:42:18.537] [warning] Couldn't find file 'sacrum.vtp'.
[2025-05-21 10:42:18.537] [warning] Couldn't find file 'pelvis.vtp'.
[2025-05-21 10:42:18.537] [warning] Couldn't find file 'l_pelvis.vtp'.
[2025-05-21 10:42:18.537] [warning] Couldn't find file 'femur_r.vtp'.
[2025-05-21 10:42:18.538] [warning] Couldn't find file 'tibia_r.vtp'.
[2025-05-21 10:42:18.538] [warning] Couldn't find file 'fibula.vtp'.
[2025-05-21 10:42:18.538] [warning] Couldn't find file 'talus.vtp'.
[2025-05-21 10:42:18.538] [warning] Couldn't find file 'foot.vtp'.
[2025-05-21 10:42:18.538] [warning] Couldn't find file 'bofoot.vtp'.
[2025-05-21 10:42:18.538] [warning] Couldn't find file 'femur_l.vtp'.
[2025-05-21 10:42:18.538] [warning] Couldn't find file 'tibia_l.vtp'.
[2025-05-21 10:42:18.538] [warning] Couldn't find file 'l_fibula.vtp'.
[2025-05-21 10:42:18.538] [warning] Couldn't find file 'l_talus.vtp'.
[2025-05-21 10:42:18.538] [warning] Couldn't find file 'l_foot.vtp'.
[2025-05-21 10:42:18.538] [warning] Couldn't find file 'l_bofoot.vtp'.
[2025-05-21 10:42:18.539] [warning] Couldn't find file 'hat_spine.vtp'.
[2025-05-21 10:42:18.539] [warning] Couldn't find file 'hat_jaw.vtp'.
[2025-05-21 10:42:18.539] [warning] Couldn't find file 'hat_skull.vtp'.
[2025-05-21 10:42:18.539] [warning] Couldn't find file 'hat_ribs.vtp'.
[2025-05-21 10:42:18.539] [info] ControllerSet 'Controllers' was renamed and is being reset to 'controllerset'.
[2025-05-21 10:42:18.541] [info] ComponentSet 'MiscComponents' was renamed and is being reset to 'componentset'.
[2025-05-21 11:22:46.583] [info] Updating Model file from 30000 to latest format...
[2025-05-21 11:22:46.615] [info] Loaded model 3DGaitModel2354-scaled from file C:\Users\u0167448\Documents\GitHub\SimPendulum_Tim\Experimental data\TD5\TD5_ScaledModel_ScaledForces.osim
[2025-05-21 11:22:46.616] [warning] Couldn't find file 'sacrum.vtp'.
[2025-05-21 11:22:46.616] [warning] Couldn't find file 'pelvis.vtp'.
[2025-05-21 11:22:46.616] [warning] Couldn't find file 'l_pelvis.vtp'.
[2025-05-21 11:22:46.616] [warning] Couldn't find file 'femur_r.vtp'.
[2025-05-21 11:22:46.616] [warning] Couldn't find file 'tibia_r.vtp'.
[2025-05-21 11:22:46.616] [warning] Couldn't find file 'fibula.vtp'.
[2025-05-21 11:22:46.616] [warning] Couldn't find file 'talus.vtp'.
[2025-05-21 11:22:46.616] [warning] Couldn't find file 'foot.vtp'.
[2025-05-21 11:22:46.616] [warning] Couldn't find file 'bofoot.vtp'.
[2025-05-21 11:22:46.616] [warning] Couldn't find file 'femur_l.vtp'.
[2025-05-21 11:22:46.616] [warning] Couldn't find file 'tibia_l.vtp'.
[2025-05-21 11:22:46.616] [warning] Couldn't find file 'l_fibula.vtp'.
[2025-05-21 11:22:46.616] [warning] Couldn't find file 'l_talus.vtp'.
[2025-05-21 11:22:46.617] [warning] Couldn't find file 'l_foot.vtp'.
[2025-05-21 11:22:46.617] [warning] Couldn't find file 'l_bofoot.vtp'.
[2025-05-21 11:22:46.617] [warning] Couldn't find file 'hat_spine.vtp'.
[2025-05-21 11:22:46.617] [warning] Couldn't find file 'hat_jaw.vtp'.
[2025-05-21 11:22:46.617] [warning] Couldn't find file 'hat_skull.vtp'.
[2025-05-21 11:22:46.617] [warning] Couldn't find file 'hat_ribs.vtp'.
[2025-05-21 11:22:46.617] [info] ControllerSet 'Controllers' was renamed and is being reset to 'controllerset'.
[2025-05-21 11:22:46.618] [info] ComponentSet 'MiscComponents' was renamed and is being reset to 'componentset'.
[2025-05-21 11:22:46.641] [info] Updating Model file from 30000 to latest format...
[2025-05-21 11:22:46.680] [info] Loaded model 3DGaitModel2354-scaled from file C:\Users\u0167448\Documents\GitHub\SimPendulum_Tim\Experimental data\TD5\TD5_ScaledModel_ScaledForces.osim
[2025-05-21 11:22:46.681] [warning] Couldn't find file 'sacrum.vtp'.
[2025-05-21 11:22:46.681] [warning] Couldn't find file 'pelvis.vtp'.
[2025-05-21 11:22:46.681] [warning] Couldn't find file 'l_pelvis.vtp'.
[2025-05-21 11:22:46.681] [warning] Couldn't find file 'femur_r.vtp'.
[2025-05-21 11:22:46.681] [warning] Couldn't find file 'tibia_r.vtp'.
[2025-05-21 11:22:46.681] [warning] Couldn't find file 'fibula.vtp'.
[2025-05-21 11:22:46.681] [warning] Couldn't find file 'talus.vtp'.
[2025-05-21 11:22:46.681] [warning] Couldn't find file 'foot.vtp'.
[2025-05-21 11:22:46.682] [warning] Couldn't find file 'bofoot.vtp'.
[2025-05-21 11:22:46.682] [warning] Couldn't find file 'femur_l.vtp'.
[2025-05-21 11:22:46.682] [warning] Couldn't find file 'tibia_l.vtp'.
[2025-05-21 11:22:46.682] [warning] Couldn't find file 'l_fibula.vtp'.
[2025-05-21 11:22:46.682] [warning] Couldn't find file 'l_talus.vtp'.
[2025-05-21 11:22:46.682] [warning] Couldn't find file 'l_foot.vtp'.
[2025-05-21 11:22:46.682] [warning] Couldn't find file 'l_bofoot.vtp'.
[2025-05-21 11:22:46.682] [warning] Couldn't find file 'hat_spine.vtp'.
[2025-05-21 11:22:46.682] [warning] Couldn't find file 'hat_jaw.vtp'.
[2025-05-21 11:22:46.683] [warning] Couldn't find file 'hat_skull.vtp'.
[2025-05-21 11:22:46.683] [warning] Couldn't find file 'hat_ribs.vtp'.
[2025-05-21 11:22:46.683] [info] ControllerSet 'Controllers' was renamed and is being reset to 'controllerset'.
[2025-05-21 11:22:46.684] [info] ComponentSet 'MiscComponents' was renamed and is being reset to 'componentset'.
[2025-05-22 09:00:57.319] [info] Updating Model file from 30000 to latest format...
[2025-05-22 09:00:57.389] [info] Loaded model 3DGaitModel2354-scaled from file C:\Users\u0167448\Documents\GitHub\biophysical_muscle_models_OC\Experimental data\TD5\TD5_ScaledModel_ScaledForces.osim
[2025-05-22 09:00:57.389] [warning] Couldn't find file 'sacrum.vtp'.
[2025-05-22 09:00:57.390] [warning] Couldn't find file 'pelvis.vtp'.
[2025-05-22 09:00:57.390] [warning] Couldn't find file 'l_pelvis.vtp'.
[2025-05-22 09:00:57.390] [warning] Couldn't find file 'femur_r.vtp'.
[2025-05-22 09:00:57.390] [warning] Couldn't find file 'tibia_r.vtp'.
[2025-05-22 09:00:57.390] [warning] Couldn't find file 'fibula.vtp'.
[2025-05-22 09:00:57.390] [warning] Couldn't find file 'talus.vtp'.
[2025-05-22 09:00:57.391] [warning] Couldn't find file 'foot.vtp'.
[2025-05-22 09:00:57.391] [warning] Couldn't find file 'bofoot.vtp'.
[2025-05-22 09:00:57.391] [warning] Couldn't find file 'femur_l.vtp'.
[2025-05-22 09:00:57.391] [warning] Couldn't find file 'tibia_l.vtp'.
[2025-05-22 09:00:57.391] [warning] Couldn't find file 'l_fibula.vtp'.
[2025-05-22 09:00:57.391] [warning] Couldn't find file 'l_talus.vtp'.
[2025-05-22 09:00:57.391] [warning] Couldn't find file 'l_foot.vtp'.
[2025-05-22 09:00:57.391] [warning] Couldn't find file 'l_bofoot.vtp'.
[2025-05-22 09:00:57.392] [warning] Couldn't find file 'hat_spine.vtp'.
[2025-05-22 09:00:57.392] [warning] Couldn't find file 'hat_jaw.vtp'.
[2025-05-22 09:00:57.392] [warning] Couldn't find file 'hat_skull.vtp'.
[2025-05-22 09:00:57.392] [warning] Couldn't find file 'hat_ribs.vtp'.
[2025-05-22 09:00:57.393] [info] ControllerSet 'Controllers' was renamed and is being reset to 'controllerset'.
[2025-05-22 09:00:57.395] [info] ComponentSet 'MiscComponents' was renamed and is being reset to 'componentset'.
[2025-05-22 09:00:57.478] [info] Updating Model file from 30000 to latest format...
[2025-05-22 09:00:57.539] [info] Loaded model 3DGaitModel2354-scaled from file C:\Users\u0167448\Documents\GitHub\biophysical_muscle_models_OC\Experimental data\TD5\TD5_ScaledModel_ScaledForces.osim
[2025-05-22 09:00:57.540] [warning] Couldn't find file 'sacrum.vtp'.
[2025-05-22 09:00:57.540] [warning] Couldn't find file 'pelvis.vtp'.
[2025-05-22 09:00:57.540] [warning] Couldn't find file 'l_pelvis.vtp'.
[2025-05-22 09:00:57.540] [warning] Couldn't find file 'femur_r.vtp'.
[2025-05-22 09:00:57.541] [warning] Couldn't find file 'tibia_r.vtp'.
[2025-05-22 09:00:57.541] [warning] Couldn't find file 'fibula.vtp'.
[2025-05-22 09:00:57.541] [warning] Couldn't find file 'talus.vtp'.
[2025-05-22 09:00:57.541] [warning] Couldn't find file 'foot.vtp'.
[2025-05-22 09:00:57.541] [warning] Couldn't find file 'bofoot.vtp'.
[2025-05-22 09:00:57.541] [warning] Couldn't find file 'femur_l.vtp'.
[2025-05-22 09:00:57.541] [warning] Couldn't find file 'tibia_l.vtp'.
[2025-05-22 09:00:57.542] [warning] Couldn't find file 'l_fibula.vtp'.
[2025-05-22 09:00:57.542] [warning] Couldn't find file 'l_talus.vtp'.
[2025-05-22 09:00:57.542] [warning] Couldn't find file 'l_foot.vtp'.
[2025-05-22 09:00:57.542] [warning] Couldn't find file 'l_bofoot.vtp'.
[2025-05-22 09:00:57.542] [warning] Couldn't find file 'hat_spine.vtp'.
[2025-05-22 09:00:57.542] [warning] Couldn't find file 'hat_jaw.vtp'.
[2025-05-22 09:00:57.543] [warning] Couldn't find file 'hat_skull.vtp'.
[2025-05-22 09:00:57.543] [warning] Couldn't find file 'hat_ribs.vtp'.
[2025-05-22 09:00:57.544] [info] ControllerSet 'Controllers' was renamed and is being reset to 'controllerset'.
[2025-05-22 09:00:57.546] [info] ComponentSet 'MiscComponents' was renamed and is being reset to 'componentset'.
[2025-05-22 09:32:45.203] [info] Updating Model file from 30000 to latest format...
[2025-05-22 09:32:45.240] [info] Loaded model 3DGaitModel2354-scaled from file C:\Users\u0167448\Documents\GitHub\biophysical_muscle_models_OC\Experimental data\TD5\TD5_ScaledModel_ScaledForces.osim
[2025-05-22 09:32:45.240] [warning] Couldn't find file 'sacrum.vtp'.
[2025-05-22 09:32:45.241] [warning] Couldn't find file 'pelvis.vtp'.
[2025-05-22 09:32:45.241] [warning] Couldn't find file 'l_pelvis.vtp'.
[2025-05-22 09:32:45.241] [warning] Couldn't find file 'femur_r.vtp'.
[2025-05-22 09:32:45.241] [warning] Couldn't find file 'tibia_r.vtp'.
[2025-05-22 09:32:45.241] [warning] Couldn't find file 'fibula.vtp'.
[2025-05-22 09:32:45.241] [warning] Couldn't find file 'talus.vtp'.
[2025-05-22 09:32:45.241] [warning] Couldn't find file 'foot.vtp'.
[2025-05-22 09:32:45.241] [warning] Couldn't find file 'bofoot.vtp'.
[2025-05-22 09:32:45.242] [warning] Couldn't find file 'femur_l.vtp'.
[2025-05-22 09:32:45.242] [warning] Couldn't find file 'tibia_l.vtp'.
[2025-05-22 09:32:45.242] [warning] Couldn't find file 'l_fibula.vtp'.
[2025-05-22 09:32:45.242] [warning] Couldn't find file 'l_talus.vtp'.
[2025-05-22 09:32:45.242] [warning] Couldn't find file 'l_foot.vtp'.
[2025-05-22 09:32:45.242] [warning] Couldn't find file 'l_bofoot.vtp'.
[2025-05-22 09:32:45.242] [warning] Couldn't find file 'hat_spine.vtp'.
[2025-05-22 09:32:45.242] [warning] Couldn't find file 'hat_jaw.vtp'.
[2025-05-22 09:32:45.243] [warning] Couldn't find file 'hat_skull.vtp'.
[2025-05-22 09:32:45.243] [warning] Couldn't find file 'hat_ribs.vtp'.
[2025-05-22 09:32:45.243] [info] ControllerSet 'Controllers' was renamed and is being reset to 'controllerset'.
[2025-05-22 09:32:45.245] [info] ComponentSet 'MiscComponents' was renamed and is being reset to 'componentset'.
[2025-05-22 09:32:45.276] [info] Updating Model file from 30000 to latest format...
[2025-05-22 09:32:45.318] [info] Loaded model 3DGaitModel2354-scaled from file C:\Users\u0167448\Documents\GitHub\biophysical_muscle_models_OC\Experimental data\TD5\TD5_ScaledModel_ScaledForces.osim
[2025-05-22 09:32:45.319] [warning] Couldn't find file 'sacrum.vtp'.
[2025-05-22 09:32:45.319] [warning] Couldn't find file 'pelvis.vtp'.
[2025-05-22 09:32:45.319] [warning] Couldn't find file 'l_pelvis.vtp'.
[2025-05-22 09:32:45.319] [warning] Couldn't find file 'femur_r.vtp'.
[2025-05-22 09:32:45.319] [warning] Couldn't find file 'tibia_r.vtp'.
[2025-05-22 09:32:45.319] [warning] Couldn't find file 'fibula.vtp'.
[2025-05-22 09:32:45.319] [warning] Couldn't find file 'talus.vtp'.
[2025-05-22 09:32:45.319] [warning] Couldn't find file 'foot.vtp'.
[2025-05-22 09:32:45.319] [warning] Couldn't find file 'bofoot.vtp'.
[2025-05-22 09:32:45.320] [warning] Couldn't find file 'femur_l.vtp'.
[2025-05-22 09:32:45.320] [warning] Couldn't find file 'tibia_l.vtp'.
[2025-05-22 09:32:45.320] [warning] Couldn't find file 'l_fibula.vtp'.
[2025-05-22 09:32:45.320] [warning] Couldn't find file 'l_talus.vtp'.
[2025-05-22 09:32:45.320] [warning] Couldn't find file 'l_foot.vtp'.
[2025-05-22 09:32:45.320] [warning] Couldn't find file 'l_bofoot.vtp'.
[2025-05-22 09:32:45.320] [warning] Couldn't find file 'hat_spine.vtp'.
[2025-05-22 09:32:45.320] [warning] Couldn't find file 'hat_jaw.vtp'.
[2025-05-22 09:32:45.320] [warning] Couldn't find file 'hat_skull.vtp'.
[2025-05-22 09:32:45.321] [warning] Couldn't find file 'hat_ribs.vtp'.
[2025-05-22 09:32:45.321] [info] ControllerSet 'Controllers' was renamed and is being reset to 'controllerset'.
[2025-05-22 09:32:45.322] [info] ComponentSet 'MiscComponents' was renamed and is being reset to 'componentset'.
[2025-05-22 09:40:45.537] [info] Updating Model file from 30000 to latest format...
[2025-05-22 09:40:45.597] [info] Loaded model 3DGaitModel2354-scaled from file C:\Users\u0167448\Documents\GitHub\biophysical_muscle_models_OC\Experimental data\TD5\TD5_ScaledModel_ScaledForces.osim
[2025-05-22 09:40:45.598] [warning] Couldn't find file 'sacrum.vtp'.
[2025-05-22 09:40:45.598] [warning] Couldn't find file 'pelvis.vtp'.
[2025-05-22 09:40:45.598] [warning] Couldn't find file 'l_pelvis.vtp'.
[2025-05-22 09:40:45.598] [warning] Couldn't find file 'femur_r.vtp'.
[2025-05-22 09:40:45.598] [warning] Couldn't find file 'tibia_r.vtp'.
[2025-05-22 09:40:45.598] [warning] Couldn't find file 'fibula.vtp'.
[2025-05-22 09:40:45.598] [warning] Couldn't find file 'talus.vtp'.
[2025-05-22 09:40:45.598] [warning] Couldn't find file 'foot.vtp'.
[2025-05-22 09:40:45.599] [warning] Couldn't find file 'bofoot.vtp'.
[2025-05-22 09:40:45.599] [warning] Couldn't find file 'femur_l.vtp'.
[2025-05-22 09:40:45.599] [warning] Couldn't find file 'tibia_l.vtp'.
[2025-05-22 09:40:45.599] [warning] Couldn't find file 'l_fibula.vtp'.
[2025-05-22 09:40:45.599] [warning] Couldn't find file 'l_talus.vtp'.
[2025-05-22 09:40:45.599] [warning] Couldn't find file 'l_foot.vtp'.
[2025-05-22 09:40:45.600] [warning] Couldn't find file 'l_bofoot.vtp'.
[2025-05-22 09:40:45.600] [warning] Couldn't find file 'hat_spine.vtp'.
[2025-05-22 09:40:45.600] [warning] Couldn't find file 'hat_jaw.vtp'.
[2025-05-22 09:40:45.600] [warning] Couldn't find file 'hat_skull.vtp'.
[2025-05-22 09:40:45.600] [warning] Couldn't find file 'hat_ribs.vtp'.
[2025-05-22 09:40:45.600] [info] ControllerSet 'Controllers' was renamed and is being reset to 'controllerset'.
[2025-05-22 09:40:45.602] [info] ComponentSet 'MiscComponents' was renamed and is being reset to 'componentset'.
[2025-05-22 09:40:45.620] [info] Updating Model file from 30000 to latest format...
[2025-05-22 09:40:45.670] [info] Loaded model 3DGaitModel2354-scaled from file C:\Users\u0167448\Documents\GitHub\biophysical_muscle_models_OC\Experimental data\TD5\TD5_ScaledModel_ScaledForces.osim
[2025-05-22 09:40:45.670] [warning] Couldn't find file 'sacrum.vtp'.
[2025-05-22 09:40:45.670] [warning] Couldn't find file 'pelvis.vtp'.
[2025-05-22 09:40:45.670] [warning] Couldn't find file 'l_pelvis.vtp'.
[2025-05-22 09:40:45.670] [warning] Couldn't find file 'femur_r.vtp'.
[2025-05-22 09:40:45.670] [warning] Couldn't find file 'tibia_r.vtp'.
[2025-05-22 09:40:45.671] [warning] Couldn't find file 'fibula.vtp'.
[2025-05-22 09:40:45.671] [warning] Couldn't find file 'talus.vtp'.
[2025-05-22 09:40:45.671] [warning] Couldn't find file 'foot.vtp'.
[2025-05-22 09:40:45.671] [warning] Couldn't find file 'bofoot.vtp'.
[2025-05-22 09:40:45.671] [warning] Couldn't find file 'femur_l.vtp'.
[2025-05-22 09:40:45.671] [warning] Couldn't find file 'tibia_l.vtp'.
[2025-05-22 09:40:45.671] [warning] Couldn't find file 'l_fibula.vtp'.
[2025-05-22 09:40:45.671] [warning] Couldn't find file 'l_talus.vtp'.
[2025-05-22 09:40:45.671] [warning] Couldn't find file 'l_foot.vtp'.
[2025-05-22 09:40:45.671] [warning] Couldn't find file 'l_bofoot.vtp'.
[2025-05-22 09:40:45.671] [warning] Couldn't find file 'hat_spine.vtp'.
[2025-05-22 09:40:45.671] [warning] Couldn't find file 'hat_jaw.vtp'.
[2025-05-22 09:40:45.672] [warning] Couldn't find file 'hat_skull.vtp'.
[2025-05-22 09:40:45.672] [warning] Couldn't find file 'hat_ribs.vtp'.
[2025-05-22 09:40:45.672] [info] ControllerSet 'Controllers' was renamed and is being reset to 'controllerset'.
[2025-05-22 09:40:45.673] [info] ComponentSet 'MiscComponents' was renamed and is being reset to 'componentset'.
[2025-05-22 09:42:52.166] [info] Updating Model file from 30000 to latest format...
[2025-05-22 09:42:52.209] [info] Loaded model 3DGaitModel2354-scaled from file C:\Users\u0167448\Documents\GitHub\biophysical_muscle_models_OC\Experimental data\TD5\TD5_ScaledModel_ScaledForces.osim
[2025-05-22 09:42:52.209] [warning] Couldn't find file 'sacrum.vtp'.
[2025-05-22 09:42:52.209] [warning] Couldn't find file 'pelvis.vtp'.
[2025-05-22 09:42:52.210] [warning] Couldn't find file 'l_pelvis.vtp'.
[2025-05-22 09:42:52.210] [warning] Couldn't find file 'femur_r.vtp'.
[2025-05-22 09:42:52.210] [warning] Couldn't find file 'tibia_r.vtp'.
[2025-05-22 09:42:52.210] [warning] Couldn't find file 'fibula.vtp'.
[2025-05-22 09:42:52.210] [warning] Couldn't find file 'talus.vtp'.
[2025-05-22 09:42:52.210] [warning] Couldn't find file 'foot.vtp'.
[2025-05-22 09:42:52.210] [warning] Couldn't find file 'bofoot.vtp'.
[2025-05-22 09:42:52.210] [warning] Couldn't find file 'femur_l.vtp'.
[2025-05-22 09:42:52.210] [warning] Couldn't find file 'tibia_l.vtp'.
[2025-05-22 09:42:52.211] [warning] Couldn't find file 'l_fibula.vtp'.
[2025-05-22 09:42:52.211] [warning] Couldn't find file 'l_talus.vtp'.
[2025-05-22 09:42:52.211] [warning] Couldn't find file 'l_foot.vtp'.
[2025-05-22 09:42:52.211] [warning] Couldn't find file 'l_bofoot.vtp'.
[2025-05-22 09:42:52.211] [warning] Couldn't find file 'hat_spine.vtp'.
[2025-05-22 09:42:52.211] [warning] Couldn't find file 'hat_jaw.vtp'.
[2025-05-22 09:42:52.211] [warning] Couldn't find file 'hat_skull.vtp'.
[2025-05-22 09:42:52.211] [warning] Couldn't find file 'hat_ribs.vtp'.
[2025-05-22 09:42:52.212] [info] ControllerSet 'Controllers' was renamed and is being reset to 'controllerset'.
[2025-05-22 09:42:52.213] [info] ComponentSet 'MiscComponents' was renamed and is being reset to 'componentset'.
[2025-05-22 09:42:52.229] [info] Updating Model file from 30000 to latest format...
[2025-05-22 09:42:52.274] [info] Loaded model 3DGaitModel2354-scaled from file C:\Users\u0167448\Documents\GitHub\biophysical_muscle_models_OC\Experimental data\TD5\TD5_ScaledModel_ScaledForces.osim
[2025-05-22 09:42:52.275] [warning] Couldn't find file 'sacrum.vtp'.
[2025-05-22 09:42:52.275] [warning] Couldn't find file 'pelvis.vtp'.
[2025-05-22 09:42:52.275] [warning] Couldn't find file 'l_pelvis.vtp'.
[2025-05-22 09:42:52.275] [warning] Couldn't find file 'femur_r.vtp'.
[2025-05-22 09:42:52.275] [warning] Couldn't find file 'tibia_r.vtp'.
[2025-05-22 09:42:52.275] [warning] Couldn't find file 'fibula.vtp'.
[2025-05-22 09:42:52.276] [warning] Couldn't find file 'talus.vtp'.
[2025-05-22 09:42:52.276] [warning] Couldn't find file 'foot.vtp'.
[2025-05-22 09:42:52.276] [warning] Couldn't find file 'bofoot.vtp'.
[2025-05-22 09:42:52.276] [warning] Couldn't find file 'femur_l.vtp'.
[2025-05-22 09:42:52.276] [warning] Couldn't find file 'tibia_l.vtp'.
[2025-05-22 09:42:52.276] [warning] Couldn't find file 'l_fibula.vtp'.
[2025-05-22 09:42:52.276] [warning] Couldn't find file 'l_talus.vtp'.
[2025-05-22 09:42:52.276] [warning] Couldn't find file 'l_foot.vtp'.
[2025-05-22 09:42:52.276] [warning] Couldn't find file 'l_bofoot.vtp'.
[2025-05-22 09:42:52.277] [warning] Couldn't find file 'hat_spine.vtp'.
[2025-05-22 09:42:52.277] [warning] Couldn't find file 'hat_jaw.vtp'.
[2025-05-22 09:42:52.277] [warning] Couldn't find file 'hat_skull.vtp'.
[2025-05-22 09:42:52.277] [warning] Couldn't find file 'hat_ribs.vtp'.
[2025-05-22 09:42:52.277] [info] ControllerSet 'Controllers' was renamed and is being reset to 'controllerset'.
[2025-05-22 09:42:52.278] [info] ComponentSet 'MiscComponents' was renamed and is being reset to 'componentset'.
[2025-05-22 10:29:20.262] [info] Updating Model file from 30000 to latest format...
[2025-05-22 10:29:20.321] [info] Loaded model 3DGaitModel2354-scaled from file C:\Users\u0167448\Documents\GitHub\biophysical_muscle_models_OC\Experimental data\TD5\TD5_ScaledModel_ScaledForces.osim
[2025-05-22 10:29:20.322] [warning] Couldn't find file 'sacrum.vtp'.
[2025-05-22 10:29:20.322] [warning] Couldn't find file 'pelvis.vtp'.
[2025-05-22 10:29:20.322] [warning] Couldn't find file 'l_pelvis.vtp'.
[2025-05-22 10:29:20.322] [warning] Couldn't find file 'femur_r.vtp'.
[2025-05-22 10:29:20.322] [warning] Couldn't find file 'tibia_r.vtp'.
[2025-05-22 10:29:20.322] [warning] Couldn't find file 'fibula.vtp'.
[2025-05-22 10:29:20.322] [warning] Couldn't find file 'talus.vtp'.
[2025-05-22 10:29:20.323] [warning] Couldn't find file 'foot.vtp'.
[2025-05-22 10:29:20.323] [warning] Couldn't find file 'bofoot.vtp'.
[2025-05-22 10:29:20.323] [warning] Couldn't find file 'femur_l.vtp'.
[2025-05-22 10:29:20.323] [warning] Couldn't find file 'tibia_l.vtp'.
[2025-05-22 10:29:20.323] [warning] Couldn't find file 'l_fibula.vtp'.
[2025-05-22 10:29:20.323] [warning] Couldn't find file 'l_talus.vtp'.
[2025-05-22 10:29:20.323] [warning] Couldn't find file 'l_foot.vtp'.
[2025-05-22 10:29:20.324] [warning] Couldn't find file 'l_bofoot.vtp'.
[2025-05-22 10:29:20.324] [warning] Couldn't find file 'hat_spine.vtp'.
[2025-05-22 10:29:20.324] [warning] Couldn't find file 'hat_jaw.vtp'.
[2025-05-22 10:29:20.324] [warning] Couldn't find file 'hat_skull.vtp'.
[2025-05-22 10:29:20.324] [warning] Couldn't find file 'hat_ribs.vtp'.
[2025-05-22 10:29:20.325] [info] ControllerSet 'Controllers' was renamed and is being reset to 'controllerset'.
[2025-05-22 10:29:20.326] [info] ComponentSet 'MiscComponents' was renamed and is being reset to 'componentset'.
[2025-05-22 10:29:20.394] [info] Updating Model file from 30000 to latest format...
[2025-05-22 10:29:20.450] [info] Loaded model 3DGaitModel2354-scaled from file C:\Users\u0167448\Documents\GitHub\biophysical_muscle_models_OC\Experimental data\TD5\TD5_ScaledModel_ScaledForces.osim
[2025-05-22 10:29:20.450] [warning] Couldn't find file 'sacrum.vtp'.
[2025-05-22 10:29:20.450] [warning] Couldn't find file 'pelvis.vtp'.
[2025-05-22 10:29:20.451] [warning] Couldn't find file 'l_pelvis.vtp'.
[2025-05-22 10:29:20.451] [warning] Couldn't find file 'femur_r.vtp'.
[2025-05-22 10:29:20.451] [warning] Couldn't find file 'tibia_r.vtp'.
[2025-05-22 10:29:20.451] [warning] Couldn't find file 'fibula.vtp'.
[2025-05-22 10:29:20.451] [warning] Couldn't find file 'talus.vtp'.
[2025-05-22 10:29:20.451] [warning] Couldn't find file 'foot.vtp'.
[2025-05-22 10:29:20.451] [warning] Couldn't find file 'bofoot.vtp'.
[2025-05-22 10:29:20.451] [warning] Couldn't find file 'femur_l.vtp'.
[2025-05-22 10:29:20.452] [warning] Couldn't find file 'tibia_l.vtp'.
[2025-05-22 10:29:20.452] [warning] Couldn't find file 'l_fibula.vtp'.
[2025-05-22 10:29:20.452] [warning] Couldn't find file 'l_talus.vtp'.
[2025-05-22 10:29:20.452] [warning] Couldn't find file 'l_foot.vtp'.
[2025-05-22 10:29:20.452] [warning] Couldn't find file 'l_bofoot.vtp'.
[2025-05-22 10:29:20.452] [warning] Couldn't find file 'hat_spine.vtp'.
[2025-05-22 10:29:20.452] [warning] Couldn't find file 'hat_jaw.vtp'.
[2025-05-22 10:29:20.452] [warning] Couldn't find file 'hat_skull.vtp'.
[2025-05-22 10:29:20.452] [warning] Couldn't find file 'hat_ribs.vtp'.
[2025-05-22 10:29:20.453] [info] ControllerSet 'Controllers' was renamed and is being reset to 'controllerset'.
[2025-05-22 10:29:20.454] [info] ComponentSet 'MiscComponents' was renamed and is being reset to 'componentset'.
[2025-05-22 11:29:27.295] [info] Updating Model file from 30000 to latest format...
[2025-05-22 11:29:27.349] [info] Loaded model 3DGaitModel2354-scaled from file C:\Users\u0167448\Documents\GitHub\biophysical_muscle_models_OC\Experimental data\TD5\TD5_ScaledModel_ScaledForces.osim
[2025-05-22 11:29:27.349] [warning] Couldn't find file 'sacrum.vtp'.
[2025-05-22 11:29:27.349] [warning] Couldn't find file 'pelvis.vtp'.
[2025-05-22 11:29:27.349] [warning] Couldn't find file 'l_pelvis.vtp'.
[2025-05-22 11:29:27.350] [warning] Couldn't find file 'femur_r.vtp'.
[2025-05-22 11:29:27.350] [warning] Couldn't find file 'tibia_r.vtp'.
[2025-05-22 11:29:27.350] [warning] Couldn't find file 'fibula.vtp'.
[2025-05-22 11:29:27.350] [warning] Couldn't find file 'talus.vtp'.
[2025-05-22 11:29:27.350] [warning] Couldn't find file 'foot.vtp'.
[2025-05-22 11:29:27.350] [warning] Couldn't find file 'bofoot.vtp'.
[2025-05-22 11:29:27.350] [warning] Couldn't find file 'femur_l.vtp'.
[2025-05-22 11:29:27.350] [warning] Couldn't find file 'tibia_l.vtp'.
[2025-05-22 11:29:27.350] [warning] Couldn't find file 'l_fibula.vtp'.
[2025-05-22 11:29:27.350] [warning] Couldn't find file 'l_talus.vtp'.
[2025-05-22 11:29:27.350] [warning] Couldn't find file 'l_foot.vtp'.
[2025-05-22 11:29:27.351] [warning] Couldn't find file 'l_bofoot.vtp'.
[2025-05-22 11:29:27.351] [warning] Couldn't find file 'hat_spine.vtp'.
[2025-05-22 11:29:27.351] [warning] Couldn't find file 'hat_jaw.vtp'.
[2025-05-22 11:29:27.351] [warning] Couldn't find file 'hat_skull.vtp'.
[2025-05-22 11:29:27.351] [warning] Couldn't find file 'hat_ribs.vtp'.
[2025-05-22 11:29:27.351] [info] ControllerSet 'Controllers' was renamed and is being reset to 'controllerset'.
[2025-05-22 11:29:27.353] [info] ComponentSet 'MiscComponents' was renamed and is being reset to 'componentset'.
[2025-05-22 11:29:27.377] [info] Updating Model file from 30000 to latest format...
[2025-05-22 11:29:27.424] [info] Loaded model 3DGaitModel2354-scaled from file C:\Users\u0167448\Documents\GitHub\biophysical_muscle_models_OC\Experimental data\TD5\TD5_ScaledModel_ScaledForces.osim
[2025-05-22 11:29:27.424] [warning] Couldn't find file 'sacrum.vtp'.
[2025-05-22 11:29:27.425] [warning] Couldn't find file 'pelvis.vtp'.
[2025-05-22 11:29:27.425] [warning] Couldn't find file 'l_pelvis.vtp'.
[2025-05-22 11:29:27.425] [warning] Couldn't find file 'femur_r.vtp'.
[2025-05-22 11:29:27.425] [warning] Couldn't find file 'tibia_r.vtp'.
[2025-05-22 11:29:27.425] [warning] Couldn't find file 'fibula.vtp'.
[2025-05-22 11:29:27.425] [warning] Couldn't find file 'talus.vtp'.
[2025-05-22 11:29:27.425] [warning] Couldn't find file 'foot.vtp'.
[2025-05-22 11:29:27.425] [warning] Couldn't find file 'bofoot.vtp'.
[2025-05-22 11:29:27.425] [warning] Couldn't find file 'femur_l.vtp'.
[2025-05-22 11:29:27.425] [warning] Couldn't find file 'tibia_l.vtp'.
[2025-05-22 11:29:27.425] [warning] Couldn't find file 'l_fibula.vtp'.
[2025-05-22 11:29:27.426] [warning] Couldn't find file 'l_talus.vtp'.
[2025-05-22 11:29:27.426] [warning] Couldn't find file 'l_foot.vtp'.
[2025-05-22 11:29:27.426] [warning] Couldn't find file 'l_bofoot.vtp'.
[2025-05-22 11:29:27.426] [warning] Couldn't find file 'hat_spine.vtp'.
[2025-05-22 11:29:27.426] [warning] Couldn't find file 'hat_jaw.vtp'.
[2025-05-22 11:29:27.426] [warning] Couldn't find file 'hat_skull.vtp'.
[2025-05-22 11:29:27.426] [warning] Couldn't find file 'hat_ribs.vtp'.
[2025-05-22 11:29:27.426] [info] ControllerSet 'Controllers' was renamed and is being reset to 'controllerset'.
[2025-05-22 11:29:27.427] [info] ComponentSet 'MiscComponents' was renamed and is being reset to 'componentset'.
[2025-05-22 11:49:00.561] [info] Updating Model file from 30000 to latest format...
[2025-05-22 11:49:00.599] [info] Loaded model 3DGaitModel2354-scaled from file C:\Users\u0167448\Documents\GitHub\biophysical_muscle_models_OC\Experimental data\TD5\TD5_ScaledModel_ScaledForces.osim
[2025-05-22 11:49:00.599] [warning] Couldn't find file 'sacrum.vtp'.
[2025-05-22 11:49:00.599] [warning] Couldn't find file 'pelvis.vtp'.
[2025-05-22 11:49:00.599] [warning] Couldn't find file 'l_pelvis.vtp'.
[2025-05-22 11:49:00.599] [warning] Couldn't find file 'femur_r.vtp'.
[2025-05-22 11:49:00.599] [warning] Couldn't find file 'tibia_r.vtp'.
[2025-05-22 11:49:00.599] [warning] Couldn't find file 'fibula.vtp'.
[2025-05-22 11:49:00.599] [warning] Couldn't find file 'talus.vtp'.
[2025-05-22 11:49:00.600] [warning] Couldn't find file 'foot.vtp'.
[2025-05-22 11:49:00.600] [warning] Couldn't find file 'bofoot.vtp'.
[2025-05-22 11:49:00.600] [warning] Couldn't find file 'femur_l.vtp'.
[2025-05-22 11:49:00.600] [warning] Couldn't find file 'tibia_l.vtp'.
[2025-05-22 11:49:00.600] [warning] Couldn't find file 'l_fibula.vtp'.
[2025-05-22 11:49:00.600] [warning] Couldn't find file 'l_talus.vtp'.
[2025-05-22 11:49:00.600] [warning] Couldn't find file 'l_foot.vtp'.
[2025-05-22 11:49:00.600] [warning] Couldn't find file 'l_bofoot.vtp'.
[2025-05-22 11:49:00.600] [warning] Couldn't find file 'hat_spine.vtp'.
[2025-05-22 11:49:00.600] [warning] Couldn't find file 'hat_jaw.vtp'.
[2025-05-22 11:49:00.600] [warning] Couldn't find file 'hat_skull.vtp'.
[2025-05-22 11:49:00.600] [warning] Couldn't find file 'hat_ribs.vtp'.
[2025-05-22 11:49:00.601] [info] ControllerSet 'Controllers' was renamed and is being reset to 'controllerset'.
[2025-05-22 11:49:00.602] [info] ComponentSet 'MiscComponents' was renamed and is being reset to 'componentset'.
[2025-05-22 11:49:00.628] [info] Updating Model file from 30000 to latest format...
[2025-05-22 11:49:00.661] [info] Loaded model 3DGaitModel2354-scaled from file C:\Users\u0167448\Documents\GitHub\biophysical_muscle_models_OC\Experimental data\TD5\TD5_ScaledModel_ScaledForces.osim
[2025-05-22 11:49:00.661] [warning] Couldn't find file 'sacrum.vtp'.
[2025-05-22 11:49:00.661] [warning] Couldn't find file 'pelvis.vtp'.
[2025-05-22 11:49:00.662] [warning] Couldn't find file 'l_pelvis.vtp'.
[2025-05-22 11:49:00.662] [warning] Couldn't find file 'femur_r.vtp'.
[2025-05-22 11:49:00.662] [warning] Couldn't find file 'tibia_r.vtp'.
[2025-05-22 11:49:00.662] [warning] Couldn't find file 'fibula.vtp'.
[2025-05-22 11:49:00.662] [warning] Couldn't find file 'talus.vtp'.
[2025-05-22 11:49:00.662] [warning] Couldn't find file 'foot.vtp'.
[2025-05-22 11:49:00.662] [warning] Couldn't find file 'bofoot.vtp'.
[2025-05-22 11:49:00.662] [warning] Couldn't find file 'femur_l.vtp'.
[2025-05-22 11:49:00.662] [warning] Couldn't find file 'tibia_l.vtp'.
[2025-05-22 11:49:00.662] [warning] Couldn't find file 'l_fibula.vtp'.
[2025-05-22 11:49:00.662] [warning] Couldn't find file 'l_talus.vtp'.
[2025-05-22 11:49:00.662] [warning] Couldn't find file 'l_foot.vtp'.
[2025-05-22 11:49:00.662] [warning] Couldn't find file 'l_bofoot.vtp'.
[2025-05-22 11:49:00.663] [warning] Couldn't find file 'hat_spine.vtp'.
[2025-05-22 11:49:00.663] [warning] Couldn't find file 'hat_jaw.vtp'.
[2025-05-22 11:49:00.663] [warning] Couldn't find file 'hat_skull.vtp'.
[2025-05-22 11:49:00.663] [warning] Couldn't find file 'hat_ribs.vtp'.
[2025-05-22 11:49:00.663] [info] ControllerSet 'Controllers' was renamed and is being reset to 'controllerset'.
[2025-05-22 11:49:00.664] [info] ComponentSet 'MiscComponents' was renamed and is being reset to 'componentset'.
[2025-05-22 13:33:55.528] [info] Updating Model file from 30000 to latest format...
[2025-05-22 13:33:55.564] [info] Loaded model 3DGaitModel2354-scaled from file C:\Users\u0167448\Documents\GitHub\biophysical_muscle_models_OC\Experimental data\TD5\TD5_ScaledModel_ScaledForces.osim
[2025-05-22 13:33:55.564] [warning] Couldn't find file 'sacrum.vtp'.
[2025-05-22 13:33:55.564] [warning] Couldn't find file 'pelvis.vtp'.
[2025-05-22 13:33:55.564] [warning] Couldn't find file 'l_pelvis.vtp'.
[2025-05-22 13:33:55.564] [warning] Couldn't find file 'femur_r.vtp'.
[2025-05-22 13:33:55.565] [warning] Couldn't find file 'tibia_r.vtp'.
[2025-05-22 13:33:55.565] [warning] Couldn't find file 'fibula.vtp'.
[2025-05-22 13:33:55.565] [warning] Couldn't find file 'talus.vtp'.
[2025-05-22 13:33:55.565] [warning] Couldn't find file 'foot.vtp'.
[2025-05-22 13:33:55.565] [warning] Couldn't find file 'bofoot.vtp'.
[2025-05-22 13:33:55.565] [warning] Couldn't find file 'femur_l.vtp'.
[2025-05-22 13:33:55.565] [warning] Couldn't find file 'tibia_l.vtp'.
[2025-05-22 13:33:55.565] [warning] Couldn't find file 'l_fibula.vtp'.
[2025-05-22 13:33:55.565] [warning] Couldn't find file 'l_talus.vtp'.
[2025-05-22 13:33:55.565] [warning] Couldn't find file 'l_foot.vtp'.
[2025-05-22 13:33:55.565] [warning] Couldn't find file 'l_bofoot.vtp'.
[2025-05-22 13:33:55.566] [warning] Couldn't find file 'hat_spine.vtp'.
[2025-05-22 13:33:55.566] [warning] Couldn't find file 'hat_jaw.vtp'.
[2025-05-22 13:33:55.566] [warning] Couldn't find file 'hat_skull.vtp'.
[2025-05-22 13:33:55.566] [warning] Couldn't find file 'hat_ribs.vtp'.
[2025-05-22 13:33:55.566] [info] ControllerSet 'Controllers' was renamed and is being reset to 'controllerset'.
[2025-05-22 13:33:55.567] [info] ComponentSet 'MiscComponents' was renamed and is being reset to 'componentset'.
[2025-05-22 13:33:55.589] [info] Updating Model file from 30000 to latest format...
[2025-05-22 13:33:55.623] [info] Loaded model 3DGaitModel2354-scaled from file C:\Users\u0167448\Documents\GitHub\biophysical_muscle_models_OC\Experimental data\TD5\TD5_ScaledModel_ScaledForces.osim
[2025-05-22 13:33:55.623] [warning] Couldn't find file 'sacrum.vtp'.
[2025-05-22 13:33:55.623] [warning] Couldn't find file 'pelvis.vtp'.
[2025-05-22 13:33:55.623] [warning] Couldn't find file 'l_pelvis.vtp'.
[2025-05-22 13:33:55.623] [warning] Couldn't find file 'femur_r.vtp'.
[2025-05-22 13:33:55.623] [warning] Couldn't find file 'tibia_r.vtp'.
[2025-05-22 13:33:55.624] [warning] Couldn't find file 'fibula.vtp'.
[2025-05-22 13:33:55.624] [warning] Couldn't find file 'talus.vtp'.
[2025-05-22 13:33:55.624] [warning] Couldn't find file 'foot.vtp'.
[2025-05-22 13:33:55.624] [warning] Couldn't find file 'bofoot.vtp'.
[2025-05-22 13:33:55.624] [warning] Couldn't find file 'femur_l.vtp'.
[2025-05-22 13:33:55.624] [warning] Couldn't find file 'tibia_l.vtp'.
[2025-05-22 13:33:55.624] [warning] Couldn't find file 'l_fibula.vtp'.
[2025-05-22 13:33:55.624] [warning] Couldn't find file 'l_talus.vtp'.
[2025-05-22 13:33:55.624] [warning] Couldn't find file 'l_foot.vtp'.
[2025-05-22 13:33:55.624] [warning] Couldn't find file 'l_bofoot.vtp'.
[2025-05-22 13:33:55.625] [warning] Couldn't find file 'hat_spine.vtp'.
[2025-05-22 13:33:55.625] [warning] Couldn't find file 'hat_jaw.vtp'.
[2025-05-22 13:33:55.625] [warning] Couldn't find file 'hat_skull.vtp'.
[2025-05-22 13:33:55.625] [warning] Couldn't find file 'hat_ribs.vtp'.
[2025-05-22 13:33:55.625] [info] ControllerSet 'Controllers' was renamed and is being reset to 'controllerset'.
[2025-05-22 13:33:55.627] [info] ComponentSet 'MiscComponents' was renamed and is being reset to 'componentset'.
[2025-05-22 13:39:27.921] [info] Updating Model file from 30000 to latest format...
[2025-05-22 13:39:27.965] [info] Loaded model 3DGaitModel2354-scaled from file C:\Users\u0167448\Documents\GitHub\biophysical_muscle_models_OC\Experimental data\TD5\TD5_ScaledModel_ScaledForces.osim
[2025-05-22 13:39:27.965] [warning] Couldn't find file 'sacrum.vtp'.
[2025-05-22 13:39:27.965] [warning] Couldn't find file 'pelvis.vtp'.
[2025-05-22 13:39:27.966] [warning] Couldn't find file 'l_pelvis.vtp'.
[2025-05-22 13:39:27.966] [warning] Couldn't find file 'femur_r.vtp'.
[2025-05-22 13:39:27.966] [warning] Couldn't find file 'tibia_r.vtp'.
[2025-05-22 13:39:27.966] [warning] Couldn't find file 'fibula.vtp'.
[2025-05-22 13:39:27.966] [warning] Couldn't find file 'talus.vtp'.
[2025-05-22 13:39:27.966] [warning] Couldn't find file 'foot.vtp'.
[2025-05-22 13:39:27.966] [warning] Couldn't find file 'bofoot.vtp'.
[2025-05-22 13:39:27.967] [warning] Couldn't find file 'femur_l.vtp'.
[2025-05-22 13:39:27.967] [warning] Couldn't find file 'tibia_l.vtp'.
[2025-05-22 13:39:27.967] [warning] Couldn't find file 'l_fibula.vtp'.
[2025-05-22 13:39:27.967] [warning] Couldn't find file 'l_talus.vtp'.
[2025-05-22 13:39:27.967] [warning] Couldn't find file 'l_foot.vtp'.
[2025-05-22 13:39:27.967] [warning] Couldn't find file 'l_bofoot.vtp'.
[2025-05-22 13:39:27.967] [warning] Couldn't find file 'hat_spine.vtp'.
[2025-05-22 13:39:27.967] [warning] Couldn't find file 'hat_jaw.vtp'.
[2025-05-22 13:39:27.968] [warning] Couldn't find file 'hat_skull.vtp'.
[2025-05-22 13:39:27.968] [warning] Couldn't find file 'hat_ribs.vtp'.
[2025-05-22 13:39:27.968] [info] ControllerSet 'Controllers' was renamed and is being reset to 'controllerset'.
[2025-05-22 13:39:27.969] [info] ComponentSet 'MiscComponents' was renamed and is being reset to 'componentset'.
[2025-05-22 13:39:27.983] [info] Updating Model file from 30000 to latest format...
[2025-05-22 13:39:28.019] [info] Loaded model 3DGaitModel2354-scaled from file C:\Users\u0167448\Documents\GitHub\biophysical_muscle_models_OC\Experimental data\TD5\TD5_ScaledModel_ScaledForces.osim
[2025-05-22 13:39:28.019] [warning] Couldn't find file 'sacrum.vtp'.
[2025-05-22 13:39:28.019] [warning] Couldn't find file 'pelvis.vtp'.
[2025-05-22 13:39:28.019] [warning] Couldn't find file 'l_pelvis.vtp'.
[2025-05-22 13:39:28.019] [warning] Couldn't find file 'femur_r.vtp'.
[2025-05-22 13:39:28.019] [warning] Couldn't find file 'tibia_r.vtp'.
[2025-05-22 13:39:28.019] [warning] Couldn't find file 'fibula.vtp'.
[2025-05-22 13:39:28.020] [warning] Couldn't find file 'talus.vtp'.
[2025-05-22 13:39:28.020] [warning] Couldn't find file 'foot.vtp'.
[2025-05-22 13:39:28.020] [warning] Couldn't find file 'bofoot.vtp'.
[2025-05-22 13:39:28.020] [warning] Couldn't find file 'femur_l.vtp'.
[2025-05-22 13:39:28.020] [warning] Couldn't find file 'tibia_l.vtp'.
[2025-05-22 13:39:28.020] [warning] Couldn't find file 'l_fibula.vtp'.
[2025-05-22 13:39:28.020] [warning] Couldn't find file 'l_talus.vtp'.
[2025-05-22 13:39:28.020] [warning] Couldn't find file 'l_foot.vtp'.
[2025-05-22 13:39:28.020] [warning] Couldn't find file 'l_bofoot.vtp'.
[2025-05-22 13:39:28.020] [warning] Couldn't find file 'hat_spine.vtp'.
[2025-05-22 13:39:28.020] [warning] Couldn't find file 'hat_jaw.vtp'.
[2025-05-22 13:39:28.021] [warning] Couldn't find file 'hat_skull.vtp'.
[2025-05-22 13:39:28.021] [warning] Couldn't find file 'hat_ribs.vtp'.
[2025-05-22 13:39:28.021] [info] ControllerSet 'Controllers' was renamed and is being reset to 'controllerset'.
[2025-05-22 13:39:28.022] [info] ComponentSet 'MiscComponents' was renamed and is being reset to 'componentset'.
[2025-05-22 15:44:48.894] [info] Updating Model file from 30000 to latest format...
[2025-05-22 15:44:48.932] [info] Loaded model 3DGaitModel2354-scaled from file C:\Users\u0167448\Documents\GitHub\biophysical_muscle_models_OC\Experimental data\TD5\TD5_ScaledModel_ScaledForces.osim
[2025-05-22 15:44:48.933] [warning] Couldn't find file 'sacrum.vtp'.
[2025-05-22 15:44:48.933] [warning] Couldn't find file 'pelvis.vtp'.
[2025-05-22 15:44:48.933] [warning] Couldn't find file 'l_pelvis.vtp'.
[2025-05-22 15:44:48.933] [warning] Couldn't find file 'femur_r.vtp'.
[2025-05-22 15:44:48.933] [warning] Couldn't find file 'tibia_r.vtp'.
[2025-05-22 15:44:48.933] [warning] Couldn't find file 'fibula.vtp'.
[2025-05-22 15:44:48.933] [warning] Couldn't find file 'talus.vtp'.
[2025-05-22 15:44:48.933] [warning] Couldn't find file 'foot.vtp'.
[2025-05-22 15:44:48.934] [warning] Couldn't find file 'bofoot.vtp'.
[2025-05-22 15:44:48.934] [warning] Couldn't find file 'femur_l.vtp'.
[2025-05-22 15:44:48.934] [warning] Couldn't find file 'tibia_l.vtp'.
[2025-05-22 15:44:48.934] [warning] Couldn't find file 'l_fibula.vtp'.
[2025-05-22 15:44:48.934] [warning] Couldn't find file 'l_talus.vtp'.
[2025-05-22 15:44:48.934] [warning] Couldn't find file 'l_foot.vtp'.
[2025-05-22 15:44:48.934] [warning] Couldn't find file 'l_bofoot.vtp'.
[2025-05-22 15:44:48.934] [warning] Couldn't find file 'hat_spine.vtp'.
[2025-05-22 15:44:48.934] [warning] Couldn't find file 'hat_jaw.vtp'.
[2025-05-22 15:44:48.934] [warning] Couldn't find file 'hat_skull.vtp'.
[2025-05-22 15:44:48.935] [warning] Couldn't find file 'hat_ribs.vtp'.
[2025-05-22 15:44:48.936] [info] ControllerSet 'Controllers' was renamed and is being reset to 'controllerset'.
[2025-05-22 15:44:48.937] [info] ComponentSet 'MiscComponents' was renamed and is being reset to 'componentset'.
[2025-05-22 15:44:48.996] [info] Updating Model file from 30000 to latest format...
[2025-05-22 15:44:49.031] [info] Loaded model 3DGaitModel2354-scaled from file C:\Users\u0167448\Documents\GitHub\biophysical_muscle_models_OC\Experimental data\TD5\TD5_ScaledModel_ScaledForces.osim
[2025-05-22 15:44:49.031] [warning] Couldn't find file 'sacrum.vtp'.
[2025-05-22 15:44:49.031] [warning] Couldn't find file 'pelvis.vtp'.
[2025-05-22 15:44:49.031] [warning] Couldn't find file 'l_pelvis.vtp'.
[2025-05-22 15:44:49.031] [warning] Couldn't find file 'femur_r.vtp'.
[2025-05-22 15:44:49.032] [warning] Couldn't find file 'tibia_r.vtp'.
[2025-05-22 15:44:49.032] [warning] Couldn't find file 'fibula.vtp'.
[2025-05-22 15:44:49.032] [warning] Couldn't find file 'talus.vtp'.
[2025-05-22 15:44:49.032] [warning] Couldn't find file 'foot.vtp'.
[2025-05-22 15:44:49.032] [warning] Couldn't find file 'bofoot.vtp'.
[2025-05-22 15:44:49.032] [warning] Couldn't find file 'femur_l.vtp'.
[2025-05-22 15:44:49.032] [warning] Couldn't find file 'tibia_l.vtp'.
[2025-05-22 15:44:49.032] [warning] Couldn't find file 'l_fibula.vtp'.
[2025-05-22 15:44:49.032] [warning] Couldn't find file 'l_talus.vtp'.
[2025-05-22 15:44:49.032] [warning] Couldn't find file 'l_foot.vtp'.
[2025-05-22 15:44:49.033] [warning] Couldn't find file 'l_bofoot.vtp'.
[2025-05-22 15:44:49.033] [warning] Couldn't find file 'hat_spine.vtp'.
[2025-05-22 15:44:49.033] [warning] Couldn't find file 'hat_jaw.vtp'.
[2025-05-22 15:44:49.033] [warning] Couldn't find file 'hat_skull.vtp'.
[2025-05-22 15:44:49.033] [warning] Couldn't find file 'hat_ribs.vtp'.
[2025-05-22 15:44:49.033] [info] ControllerSet 'Controllers' was renamed and is being reset to 'controllerset'.
[2025-05-22 15:44:49.034] [info] ComponentSet 'MiscComponents' was renamed and is being reset to 'componentset'.
[2025-05-23 09:33:03.314] [info] Updating Model file from 30000 to latest format...
[2025-05-23 09:33:03.338] [info] Loaded model 3DGaitModel2354-scaled from file C:\Users\timvd\Documents\biophysical_muscle_models_OC\Experimental data\TD5\TD5_ScaledModel_ScaledForces.osim
[2025-05-23 09:33:03.339] [warning] Couldn't find file 'sacrum.vtp'.
[2025-05-23 09:33:03.339] [warning] Couldn't find file 'pelvis.vtp'.
[2025-05-23 09:33:03.339] [warning] Couldn't find file 'l_pelvis.vtp'.
[2025-05-23 09:33:03.339] [warning] Couldn't find file 'femur_r.vtp'.
[2025-05-23 09:33:03.339] [warning] Couldn't find file 'tibia_r.vtp'.
[2025-05-23 09:33:03.339] [warning] Couldn't find file 'fibula.vtp'.
[2025-05-23 09:33:03.339] [warning] Couldn't find file 'talus.vtp'.
[2025-05-23 09:33:03.339] [warning] Couldn't find file 'foot.vtp'.
[2025-05-23 09:33:03.339] [warning] Couldn't find file 'bofoot.vtp'.
[2025-05-23 09:33:03.339] [warning] Couldn't find file 'femur_l.vtp'.
[2025-05-23 09:33:03.339] [warning] Couldn't find file 'tibia_l.vtp'.
[2025-05-23 09:33:03.339] [warning] Couldn't find file 'l_fibula.vtp'.
[2025-05-23 09:33:03.339] [warning] Couldn't find file 'l_talus.vtp'.
[2025-05-23 09:33:03.339] [warning] Couldn't find file 'l_foot.vtp'.
[2025-05-23 09:33:03.339] [warning] Couldn't find file 'l_bofoot.vtp'.
[2025-05-23 09:33:03.339] [warning] Couldn't find file 'hat_spine.vtp'.
[2025-05-23 09:33:03.339] [warning] Couldn't find file 'hat_jaw.vtp'.
[2025-05-23 09:33:03.339] [warning] Couldn't find file 'hat_skull.vtp'.
[2025-05-23 09:33:03.339] [warning] Couldn't find file 'hat_ribs.vtp'.
[2025-05-23 09:33:03.341] [info] ControllerSet 'Controllers' was renamed and is being reset to 'controllerset'.
[2025-05-23 09:33:03.342] [info] ComponentSet 'MiscComponents' was renamed and is being reset to 'componentset'.
[2025-05-23 09:33:03.390] [info] Updating Model file from 30000 to latest format...
[2025-05-23 09:33:03.413] [info] Loaded model 3DGaitModel2354-scaled from file C:\Users\timvd\Documents\biophysical_muscle_models_OC\Experimental data\TD5\TD5_ScaledModel_ScaledForces.osim
[2025-05-23 09:33:03.413] [warning] Couldn't find file 'sacrum.vtp'.
[2025-05-23 09:33:03.413] [warning] Couldn't find file 'pelvis.vtp'.
[2025-05-23 09:33:03.413] [warning] Couldn't find file 'l_pelvis.vtp'.
[2025-05-23 09:33:03.413] [warning] Couldn't find file 'femur_r.vtp'.
[2025-05-23 09:33:03.413] [warning] Couldn't find file 'tibia_r.vtp'.
[2025-05-23 09:33:03.413] [warning] Couldn't find file 'fibula.vtp'.
[2025-05-23 09:33:03.413] [warning] Couldn't find file 'talus.vtp'.
[2025-05-23 09:33:03.413] [warning] Couldn't find file 'foot.vtp'.
[2025-05-23 09:33:03.413] [warning] Couldn't find file 'bofoot.vtp'.
[2025-05-23 09:33:03.413] [warning] Couldn't find file 'femur_l.vtp'.
[2025-05-23 09:33:03.414] [warning] Couldn't find file 'tibia_l.vtp'.
[2025-05-23 09:33:03.414] [warning] Couldn't find file 'l_fibula.vtp'.
[2025-05-23 09:33:03.414] [warning] Couldn't find file 'l_talus.vtp'.
[2025-05-23 09:33:03.414] [warning] Couldn't find file 'l_foot.vtp'.
[2025-05-23 09:33:03.414] [warning] Couldn't find file 'l_bofoot.vtp'.
[2025-05-23 09:33:03.414] [warning] Couldn't find file 'hat_spine.vtp'.
[2025-05-23 09:33:03.414] [warning] Couldn't find file 'hat_jaw.vtp'.
[2025-05-23 09:33:03.414] [warning] Couldn't find file 'hat_skull.vtp'.
[2025-05-23 09:33:03.414] [warning] Couldn't find file 'hat_ribs.vtp'.
[2025-05-23 09:33:03.414] [info] ControllerSet 'Controllers' was renamed and is being reset to 'controllerset'.
[2025-05-23 09:33:03.415] [info] ComponentSet 'MiscComponents' was renamed and is being reset to 'componentset'.
[2025-05-23 10:47:25.346] [info] Updating Model file from 30000 to latest format...
[2025-05-23 10:47:25.369] [info] Loaded model 3DGaitModel2354-scaled from file C:\Users\timvd\Documents\biophysical_muscle_models_OC\Experimental data\TD5\TD5_ScaledModel_ScaledForces.osim
[2025-05-23 10:47:25.370] [warning] Couldn't find file 'sacrum.vtp'.
[2025-05-23 10:47:25.370] [warning] Couldn't find file 'pelvis.vtp'.
[2025-05-23 10:47:25.370] [warning] Couldn't find file 'l_pelvis.vtp'.
[2025-05-23 10:47:25.370] [warning] Couldn't find file 'femur_r.vtp'.
[2025-05-23 10:47:25.370] [warning] Couldn't find file 'tibia_r.vtp'.
[2025-05-23 10:47:25.370] [warning] Couldn't find file 'fibula.vtp'.
[2025-05-23 10:47:25.370] [warning] Couldn't find file 'talus.vtp'.
[2025-05-23 10:47:25.370] [warning] Couldn't find file 'foot.vtp'.
[2025-05-23 10:47:25.370] [warning] Couldn't find file 'bofoot.vtp'.
[2025-05-23 10:47:25.370] [warning] Couldn't find file 'femur_l.vtp'.
[2025-05-23 10:47:25.370] [warning] Couldn't find file 'tibia_l.vtp'.
[2025-05-23 10:47:25.370] [warning] Couldn't find file 'l_fibula.vtp'.
[2025-05-23 10:47:25.370] [warning] Couldn't find file 'l_talus.vtp'.
[2025-05-23 10:47:25.370] [warning] Couldn't find file 'l_foot.vtp'.
[2025-05-23 10:47:25.371] [warning] Couldn't find file 'l_bofoot.vtp'.
[2025-05-23 10:47:25.371] [warning] Couldn't find file 'hat_spine.vtp'.
[2025-05-23 10:47:25.371] [warning] Couldn't find file 'hat_jaw.vtp'.
[2025-05-23 10:47:25.371] [warning] Couldn't find file 'hat_skull.vtp'.
[2025-05-23 10:47:25.371] [warning] Couldn't find file 'hat_ribs.vtp'.
[2025-05-23 10:47:25.371] [info] ControllerSet 'Controllers' was renamed and is being reset to 'controllerset'.
[2025-05-23 10:47:25.372] [info] ComponentSet 'MiscComponents' was renamed and is being reset to 'componentset'.
[2025-05-23 10:47:25.381] [info] Updating Model file from 30000 to latest format...
[2025-05-23 10:47:25.406] [info] Loaded model 3DGaitModel2354-scaled from file C:\Users\timvd\Documents\biophysical_muscle_models_OC\Experimental data\TD5\TD5_ScaledModel_ScaledForces.osim
[2025-05-23 10:47:25.406] [warning] Couldn't find file 'sacrum.vtp'.
[2025-05-23 10:47:25.406] [warning] Couldn't find file 'pelvis.vtp'.
[2025-05-23 10:47:25.407] [warning] Couldn't find file 'l_pelvis.vtp'.
[2025-05-23 10:47:25.407] [warning] Couldn't find file 'femur_r.vtp'.
[2025-05-23 10:47:25.407] [warning] Couldn't find file 'tibia_r.vtp'.
[2025-05-23 10:47:25.407] [warning] Couldn't find file 'fibula.vtp'.
[2025-05-23 10:47:25.407] [warning] Couldn't find file 'talus.vtp'.
[2025-05-23 10:47:25.407] [warning] Couldn't find file 'foot.vtp'.
[2025-05-23 10:47:25.407] [warning] Couldn't find file 'bofoot.vtp'.
[2025-05-23 10:47:25.407] [warning] Couldn't find file 'femur_l.vtp'.
[2025-05-23 10:47:25.407] [warning] Couldn't find file 'tibia_l.vtp'.
[2025-05-23 10:47:25.407] [warning] Couldn't find file 'l_fibula.vtp'.
[2025-05-23 10:47:25.407] [warning] Couldn't find file 'l_talus.vtp'.
[2025-05-23 10:47:25.407] [warning] Couldn't find file 'l_foot.vtp'.
[2025-05-23 10:47:25.407] [warning] Couldn't find file 'l_bofoot.vtp'.
[2025-05-23 10:47:25.407] [warning] Couldn't find file 'hat_spine.vtp'.
[2025-05-23 10:47:25.407] [warning] Couldn't find file 'hat_jaw.vtp'.
[2025-05-23 10:47:25.407] [warning] Couldn't find file 'hat_skull.vtp'.
[2025-05-23 10:47:25.407] [warning] Couldn't find file 'hat_ribs.vtp'.
[2025-05-23 10:47:25.407] [info] ControllerSet 'Controllers' was renamed and is being reset to 'controllerset'.
[2025-05-23 10:47:25.408] [info] ComponentSet 'MiscComponents' was renamed and is being reset to 'componentset'.
